  [1m[34mcan0[0m  181   [8]  00`00`D7`DD`00`7F`C2`64
  [1m[34mcan0[0m  181   [8]  00`00`D7`A8`00`7F`C2`6A
  [1m[34mcan0[0m  181   [8]  00`00`D7`A8`00`7F`C2`6A
  [1m[34mcan0[0m  181   [8]  00`00`D7`7D`00`7F`C3`37
  [1m[34mcan0[0m  181   [8]  00`00`D7`7D`00`7F`C3`37
  [1m[34mcan0[0m  181   [8]  00`00`D7`7D`00`7F`C3`37
  [1m[34mcan0[0m  181   [8]  00`00`D7`A8`00`7F`C2`FA
  [1m[34mcan0[0m  181   [8]  00`00`D7`A8`00`7F`C2`FA
  [1m[34mcan0[0m  181   [8]  00`00`D7`A3`00`7F`C1`FF
  [1m[34mcan0[0m  181   [8]  00`00`D7`A3`00`7F`C1`FF
  [1m[34mcan0[0m  181   [8]  00`00`D7`A8`00`7F`C2`72
  [1m[34mcan0[0m  181   [8]  00`00`D7`A8`00`7F`C2`72
  [1m[34mcan0[0m  181   [8]  00`00`D7`D3`00`7F`C2`C7
  [1m[34mcan0[0m  181   [8]  00`00`D7`D3`00`7F`C2`C7
  [1m[34mcan0[0m  181   [8]  00`00`D7`D3`00`7F`C2`C7
  [1m[34mcan0[0m  181   [8]  00`00`D7`68`00`7F`C2`EC
  [1m[34mcan0[0m  181   [8]  00`00`D7`68`00`7F`C2`EC
  [1m[34mcan0[0m  181   [8]  00`00`D7`93`00`7F`C2`4F
  [1m[34mcan0[0m  181   [8]  00`00`D7`93`00`7F`C2`4F
  [1m[34mcan0[0m  181   [8]  00`00`D7`B8`00`7F`C2`25
  [1m[34mcan0[0m  181   [8]  00`00`D7`B8`00`7F`C2`25
  [1m[34mcan0[0m  181   [8]  00`00`D7`BD`00`7F`C2`E4
  [1m[34mcan0[0m  181   [8]  00`00`D7`BD`00`7F`C2`E4
  [1m[34mcan0[0m  181   [8]  00`00`D7`BD`00`7F`C2`E4
  [1m[34mcan0[0m  181   [8]  00`00`D7`C8`00`7F`C2`B2
  [1m[34mcan0[0m  181   [8]  00`00`D7`C8`00`7F`C2`B2
  [1m[34mcan0[0m  181   [8]  00`00`D7`BD`00`7F`C3`0A
  [1m[34mcan0[0m  181   [8]  00`00`D7`BD`00`7F`C3`0A
  [1m[34mcan0[0m  181   [8]  00`00`D7`C3`00`7F`C2`0A
  [1m[34mcan0[0m  181   [8]  00`00`D7`C3`00`7F`C2`0A
  [1m[34mcan0[0m  181   [8]  00`00`D7`C3`00`7F`C2`0A
  [1m[34mcan0[0m  181   [8]  00`00`D7`D3`00`7F`C2`D4
  [1m[34mcan0[0m  181   [8]  00`00`D7`D3`00`7F`C2`D4
  [1m[34mcan0[0m  181   [8]  00`00`D7`C8`00`7F`C2`F2
  [1m[34mcan0[0m  181   [8]  00`00`D7`C8`00`7F`C2`F2
  [1m[34mcan0[0m  181   [8]  00`00`D7`73`00`7F`C2`3A
  [1m[34mcan0[0m  181   [8]  00`00`D7`73`00`7F`C2`3A
  [1m[34mcan0[0m  181   [8]  00`00`D7`A8`00`7F`C1`D5
  [1m[34mcan0[0m  181   [8]  00`00`D7`A8`00`7F`C1`D5
  [1m[34mcan0[0m  181   [8]  00`00`D7`A8`00`7F`C1`D5
  [1m[34mcan0[0m  181   [8]  00`00`D7`93`00`7F`C2`47
  [1m[34mcan0[0m  181   [8]  00`00`D7`93`00`7F`C2`47
  [1m[34mcan0[0m  181   [8]  00`00`D7`C8`00`7F`C2`CF
  [1m[34mcan0[0m  181   [8]  00`00`D7`C8`00`7F`C2`CF
  [1m[34mcan0[0m  181   [8]  00`00`D7`B8`00`7F`C3`5A
  [1m[34mcan0[0m  181   [8]  00`00`D7`B8`00`7F`C3`5A
  [1m[34mcan0[0m  181   [8]  00`00`D7`FD`00`7F`C2`A7
  [1m[34mcan0[0m  181   [8]  00`00`D7`FD`00`7F`C2`A7
  [1m[34mcan0[0m  181   [8]  00`00`D7`FD`00`7F`C2`A7
  [1m[34mcan0[0m  181   [8]  00`00`D8`4D`00`7F`C2`F2
  [1m[34mcan0[0m  181   [8]  00`00`D8`4D`00`7F`C2`F2
  [1m[34mcan0[0m  181   [8]  00`00`D7`88`00`7F`C2`A4
  [1m[34mcan0[0m  181   [8]  00`00`D7`88`00`7F`C2`A4
  [1m[34mcan0[0m  181   [8]  00`00`D7`28`00`7F`C2`E2
  [1m[34mcan0[0m  181   [8]  00`00`D7`28`00`7F`C2`E2
  [1m[34mcan0[0m  181   [8]  00`00`D7`28`00`7F`C2`E2
  [1m[34mcan0[0m  181   [8]  00`00`D7`93`00`7F`C2`9F
  [1m[34mcan0[0m  181   [8]  00`00`D7`93`00`7F`C2`9F
  [1m[34mcan0[0m  181   [8]  00`00`D7`68`00`7F`C2`37
  [1m[34mcan0[0m  181   [8]  00`00`D7`68`00`7F`C2`37
  [1m[34mcan0[0m  181   [8]  00`00`D7`8D`00`7F`C2`6A
  [1m[34mcan0[0m  181   [8]  00`00`D7`8D`00`7F`C2`6A
  [1m[34mcan0[0m  181   [8]  00`00`D7`93`00`7F`C2`BF
  [1m[34mcan0[0m  181   [8]  00`00`D7`93`00`7F`C2`BF
  [1m[34mcan0[0m  181   [8]  00`00`D7`93`00`7F`C2`BF
  [1m[34mcan0[0m  181   [8]  00`00`D7`D3`00`7F`C2`97
  [1m[34mcan0[0m  181   [8]  00`00`D7`D3`00`7F`C2`97
  [1m[34mcan0[0m  181   [8]  00`00`D7`4D`00`7F`C2`C7
  [1m[34mcan0[0m  181   [8]  00`00`D7`4D`00`7F`C2`C7
  [1m[34mcan0[0m  181   [8]  00`00`D7`B3`00`7F`C2`E4
  [1m[34mcan0[0m  181   [8]  00`00`D7`B3`00`7F`C2`E4
  [1m[34mcan0[0m  181   [8]  00`00`D7`7D`00`7F`C3`17
  [1m[34mcan0[0m  181   [8]  00`00`D7`7D`00`7F`C3`17
  [1m[34mcan0[0m  181   [8]  00`00`D7`7D`00`7F`C3`17
  [1m[34mcan0[0m  181   [8]  00`00`D7`B8`00`7F`C3`17
  [1m[34mcan0[0m  181   [8]  00`00`D7`B8`00`7F`C3`17
  [1m[34mcan0[0m  181   [8]  00`00`D7`53`00`7F`C2`32
  [1m[34mcan0[0m  181   [8]  00`00`D7`53`00`7F`C2`32
  [1m[34mcan0[0m  181   [8]  00`00`D7`68`00`7F`C2`97
  [1m[34mcan0[0m  181   [8]  00`00`D7`68`00`7F`C2`97
  [1m[34mcan0[0m  181   [8]  00`00`D7`68`00`7F`C2`97
  [1m[34mcan0[0m  181   [8]  00`00`D7`68`00`7F`C2`0D
  [1m[34mcan0[0m  181   [8]  00`00`D7`68`00`7F`C2`0D
  [1m[34mcan0[0m  181   [8]  00`00`D7`1E`00`7F`C2`87
  [1m[34mcan0[0m  181   [8]  00`00`D7`1E`00`7F`C2`87
  [1m[34mcan0[0m  181   [8]  00`00`D7`9D`00`7F`C2`FA
  [1m[34mcan0[0m  181   [8]  00`00`D7`9D`00`7F`C2`FA
  [1m[34mcan0[0m  181   [8]  00`00`D7`93`00`7F`C1`FA
  [1m[34mcan0[0m  181   [8]  00`00`D7`93`00`7F`C1`FA
  [1m[34mcan0[0m  181   [8]  00`00`D7`93`00`7F`C1`FA
  [1m[34mcan0[0m  181   [8]  00`00`D7`B3`00`7F`C3`54
  [1m[34mcan0[0m  181   [8]  00`00`D7`B3`00`7F`C3`54
  [1m[34mcan0[0m  181   [8]  00`00`D7`BD`00`7F`C3`17
  [1m[34mcan0[0m  181   [8]  00`00`D7`BD`00`7F`C3`17
  [1m[34mcan0[0m  181   [8]  00`00`D7`A8`00`7F`C2`DC
  [1m[34mcan0[0m  181   [8]  00`00`D7`A8`00`7F`C2`DC
  [1m[34mcan0[0m  181   [8]  00`00`D7`78`00`7F`C2`4F
  [1m[34mcan0[0m  181   [8]  00`00`D7`78`00`7F`C2`4F
  [1m[34mcan0[0m  181   [8]  00`00`D7`78`00`7F`C2`4F
  [1m[34mcan0[0m  181   [8]  00`00`D7`93`00`7F`C2`8F
  [1m[34mcan0[0m  181   [8]  00`00`D7`93`00`7F`C2`8F
  [1m[34mcan0[0m  181   [8]  00`00`D7`B8`00`7F`C2`25
  [1m[34mcan0[0m  181   [8]  00`00`D7`B8`00`7F`C2`25
  [1m[34mcan0[0m  181   [8]  00`00`D7`E3`00`7F`C2`72
  [1m[34mcan0[0m  181   [8]  00`00`D7`E3`00`7F`C2`72
  [1m[34mcan0[0m  181   [8]  00`00`D7`E3`00`7F`C2`72
  [1m[34mcan0[0m  181   [8]  00`00`D7`BD`00`7F`C3`07
  [1m[34mcan0[0m  181   [8]  00`00`D7`BD`00`7F`C3`07
  [1m[34mcan0[0m  181   [8]  00`00`D7`68`00`7F`C2`C2
  [1m[34mcan0[0m  181   [8]  00`00`D7`68`00`7F`C2`C2
  [1m[34mcan0[0m  181   [8]  00`00`D7`93`00`7F`C2`05
  [1m[34mcan0[0m  181   [8]  00`00`D7`93`00`7F`C2`05
  [1m[34mcan0[0m  181   [8]  00`00`D7`7D`00`7F`C2`22
  [1m[34mcan0[0m  181   [8]  00`00`D7`7D`00`7F`C2`22
  [1m[34mcan0[0m  181   [8]  00`00`D7`7D`00`7F`C2`22
  [1m[34mcan0[0m  181   [8]  00`00`D7`A8`00`7F`C2`2F
  [1m[34mcan0[0m  181   [8]  00`00`D7`A8`00`7F`C2`2F
  [1m[34mcan0[0m  181   [8]  00`00`D7`38`00`7F`C2`AC
  [1m[34mcan0[0m  181   [8]  00`00`D7`38`00`7F`C2`AC
  [1m[34mcan0[0m  181   [8]  00`00`D7`D3`00`7F`C3`7F
  [1m[34mcan0[0m  181   [8]  00`00`D7`D3`00`7F`C3`7F
  [1m[34mcan0[0m  181   [8]  00`00`D8`53`00`7F`C2`6C
  [1m[34mcan0[0m  181   [8]  00`00`D8`53`00`7F`C2`6C
  [1m[34mcan0[0m  181   [8]  00`00`D8`53`00`7F`C2`6C
  [1m[34mcan0[0m  181   [8]  00`00`D7`AD`00`7F`C2`C4
  [1m[34mcan0[0m  181   [8]  00`00`D7`AD`00`7F`C2`C4
  [1m[34mcan0[0m  181   [8]  00`00`D7`D3`00`7F`C2`B2
  [1m[34mcan0[0m  181   [8]  00`00`D7`D3`00`7F`C2`B2
  [1m[34mcan0[0m  181   [8]  00`00`D7`B3`00`7F`C3`6F
  [1m[34mcan0[0m  181   [8]  00`00`D7`B3`00`7F`C3`6F
  [1m[34mcan0[0m  181   [8]  00`00`D7`B3`00`7F`C3`6F
  [1m[34mcan0[0m  181   [8]  00`00`D7`A3`00`7F`C3`14
  [1m[34mcan0[0m  181   [8]  00`00`D7`A3`00`7F`C3`14
  [1m[34mcan0[0m  181   [8]  00`00`D7`C8`00`7F`C2`87
  [1m[34mcan0[0m  181   [8]  00`00`D7`C8`00`7F`C2`87
  [1m[34mcan0[0m  181   [8]  00`00`D7`AD`00`7F`C3`97
  [1m[34mcan0[0m  181   [8]  00`00`D7`AD`00`7F`C3`97
  [1m[34mcan0[0m  181   [8]  00`00`D7`9D`00`7F`C2`3F
  [1m[34mcan0[0m  181   [8]  00`00`D7`9D`00`7F`C2`3F
  [1m[34mcan0[0m  181   [8]  00`00`D7`9D`00`7F`C2`3F
  [1m[34mcan0[0m  181   [8]  00`00`D7`8D`00`7F`C2`9F
  [1m[34mcan0[0m  181   [8]  00`00`D7`8D`00`7F`C2`9F
  [1m[34mcan0[0m  181   [8]  00`00`D7`9D`00`7F`C2`9F
  [1m[34mcan0[0m  181   [8]  00`00`D7`9D`00`7F`C2`9F
  [1m[34mcan0[0m  181   [8]  00`00`D7`A8`00`7F`C2`CC
  [1m[34mcan0[0m  181   [8]  00`00`D7`A8`00`7F`C2`CC
  [1m[34mcan0[0m  181   [8]  00`00`D7`93`00`7F`C2`EC
  [1m[34mcan0[0m  181   [8]  00`00`D7`93`00`7F`C2`EC
  [1m[34mcan0[0m  181   [8]  00`00`D7`93`00`7F`C2`EC
  [1m[34mcan0[0m  181   [8]  00`00`D7`68`00`7F`C2`C7
  [1m[34mcan0[0m  181   [8]  00`00`D7`68`00`7F`C2`C7
  [1m[34mcan0[0m  181   [8]  00`00`D7`68`00`7F`C2`C7
  [1m[34mcan0[0m  181   [8]  00`00`D7`68`00`7F`C2`C7
  [1m[34mcan0[0m  181   [8]  00`00`D7`BD`00`7F`C3`2F
  [1m[34mcan0[0m  181   [8]  00`00`D7`BD`00`7F`C3`2F
  [1m[34mcan0[0m  181   [8]  00`00`D7`BD`00`7F`C3`2F
  [1m[34mcan0[0m  181   [8]  00`00`D8`28`00`7F`C2`4F
  [1m[34mcan0[0m  181   [8]  00`00`D8`28`00`7F`C2`4F
  [1m[34mcan0[0m  181   [8]  00`00`D7`93`00`7F`C2`2A
  [1m[34mcan0[0m  181   [8]  00`00`D7`93`00`7F`C2`2A
  [1m[34mcan0[0m  181   [8]  00`00`D7`DD`00`7F`C2`77
  [1m[34mcan0[0m  181   [8]  00`00`D7`DD`00`7F`C2`77
  [1m[34mcan0[0m  181   [8]  00`00`D8`28`00`7F`C1`EA
  [1m[34mcan0[0m  181   [8]  00`00`D8`28`00`7F`C1`EA
  [1m[34mcan0[0m  181   [8]  00`00`D8`28`00`7F`C1`EA
  [1m[34mcan0[0m  181   [8]  00`00`D7`FD`00`7F`C2`2A
  [1m[34mcan0[0m  181   [8]  00`00`D7`FD`00`7F`C2`2A
  [1m[34mcan0[0m  181   [8]  00`00`D8`43`00`7F`C2`A4
  [1m[34mcan0[0m  181   [8]  00`00`D8`43`00`7F`C2`A4
  [1m[34mcan0[0m  181   [8]  00`00`D7`CD`00`7F`C2`8F
  [1m[34mcan0[0m  181   [8]  00`00`D7`CD`00`7F`C2`8F
  [1m[34mcan0[0m  181   [8]  00`00`D8`0D`00`7F`C2`2A
  [1m[34mcan0[0m  181   [8]  00`00`D8`0D`00`7F`C2`2A
  [1m[34mcan0[0m  181   [8]  00`00`D8`0D`00`7F`C2`2A
  [1m[34mcan0[0m  181   [8]  00`00`D7`D3`00`7F`C2`9C
  [1m[34mcan0[0m  181   [8]  00`00`D7`D3`00`7F`C2`9C
  [1m[34mcan0[0m  181   [8]  00`00`D7`1E`00`7F`C3`1A
  [1m[34mcan0[0m  181   [8]  00`00`D7`1E`00`7F`C3`1A
  [1m[34mcan0[0m  181   [8]  00`00`D7`ED`00`7F`C3`7F
  [1m[34mcan0[0m  181   [8]  00`00`D7`ED`00`7F`C3`7F
  [1m[34mcan0[0m  181   [8]  00`00`D7`ED`00`7F`C3`7F
  [1m[34mcan0[0m  181   [8]  00`00`D7`A8`00`7F`C1`C7
  [1m[34mcan0[0m  181   [8]  00`00`D7`A8`00`7F`C1`C7
  [1m[34mcan0[0m  181   [8]  00`00`D7`A8`00`7F`C2`22
  [1m[34mcan0[0m  181   [8]  00`00`D7`A8`00`7F`C2`22
  [1m[34mcan0[0m  181   [8]  00`00`D7`D3`00`7F`C2`AA
  [1m[34mcan0[0m  181   [8]  00`00`D7`D3`00`7F`C2`AA
  [1m[34mcan0[0m  181   [8]  00`00`D7`A3`00`7F`C2`C7
  [1m[34mcan0[0m  181   [8]  00`00`D7`A3`00`7F`C2`C7
  [1m[34mcan0[0m  181   [8]  00`00`D7`A3`00`7F`C2`C7
  [1m[34mcan0[0m  181   [8]  00`00`D7`A8`00`7F`C2`DC
  [1m[34mcan0[0m  181   [8]  00`00`D7`A8`00`7F`C2`DC
  [1m[34mcan0[0m  181   [8]  00`00`D7`8D`00`7F`C3`32
  [1m[34mcan0[0m  181   [8]  00`00`D7`8D`00`7F`C3`32
  [1m[34mcan0[0m  181   [8]  00`00`D7`93`00`7F`C2`0F
  [1m[34mcan0[0m  181   [8]  00`00`D7`93`00`7F`C2`0F
  [1m[34mcan0[0m  181   [8]  00`00`D7`CD`00`7F`C2`AA
  [1m[34mcan0[0m  181   [8]  00`00`D7`CD`00`7F`C2`AA
  [1m[34mcan0[0m  181   [8]  00`00`D7`CD`00`7F`C2`AA
  [1m[34mcan0[0m  181   [8]  00`00`D7`AD`00`7F`C2`6C
  [1m[34mcan0[0m  181   [8]  00`00`D7`AD`00`7F`C2`6C
  [1m[34mcan0[0m  181   [8]  00`00`D7`7D`00`7F`C2`4F
  [1m[34mcan0[0m  181   [8]  00`00`D7`7D`00`7F`C2`4F
  [1m[34mcan0[0m  181   [8]  00`00`D7`D3`00`7F`C2`BA
  [1m[34mcan0[0m  181   [8]  00`00`D7`D3`00`7F`C2`BA
  [1m[34mcan0[0m  181   [8]  00`00`D7`D3`00`7F`C2`BA
  [1m[34mcan0[0m  181   [8]  00`00`D7`7D`00`7F`C2`54
  [1m[34mcan0[0m  181   [8]  00`00`D7`7D`00`7F`C2`54
  [1m[34mcan0[0m  181   [8]  00`00`D7`A8`00`7F`C3`1C
  [1m[34mcan0[0m  181   [8]  00`00`D7`A8`00`7F`C3`1C
  [1m[34mcan0[0m  181   [8]  00`00`D7`73`00`7F`C2`DC
  [1m[34mcan0[0m  181   [8]  00`00`D7`73`00`7F`C2`DC
  [1m[34mcan0[0m  181   [8]  00`00`D7`B3`00`7F`C2`B2
  [1m[34mcan0[0m  181   [8]  00`00`D7`B3`00`7F`C2`B2
  [1m[34mcan0[0m  181   [8]  00`00`D7`B3`00`7F`C2`B2
  [1m[34mcan0[0m  181   [8]  00`00`D7`A8`00`7F`C2`FF
  [1m[34mcan0[0m  181   [8]  00`00`D7`A8`00`7F`C2`FF
  [1m[34mcan0[0m  181   [8]  00`00`D7`D3`00`7F`C2`EF
  [1m[34mcan0[0m  181   [8]  00`00`D7`D3`00`7F`C2`EF
  [1m[34mcan0[0m  181   [8]  00`00`D7`A8`00`7F`C2`C7
  [1m[34mcan0[0m  181   [8]  00`00`D7`A8`00`7F`C2`C7
  [1m[34mcan0[0m  181   [8]  00`00`D7`83`00`7F`C2`C2
  [1m[34mcan0[0m  181   [8]  00`00`D7`83`00`7F`C2`C2
  [1m[34mcan0[0m  181   [8]  00`00`D7`83`00`7F`C2`C2
  [1m[34mcan0[0m  181   [8]  00`00`D7`63`00`7F`C2`9C
  [1m[34mcan0[0m  181   [8]  00`00`D7`63`00`7F`C2`9C
  [1m[34mcan0[0m  181   [8]  00`00`D7`88`00`7F`C2`87
  [1m[34mcan0[0m  181   [8]  00`00`D7`88`00`7F`C2`87
  [1m[34mcan0[0m  181   [8]  00`00`D7`B3`00`7F`C2`94
  [1m[34mcan0[0m  181   [8]  00`00`D7`B3`00`7F`C2`94
  [1m[34mcan0[0m  181   [8]  00`00`D7`B3`00`7F`C2`94
  [1m[34mcan0[0m  181   [8]  00`00`D7`9D`00`7F`C2`97
  [1m[34mcan0[0m  181   [8]  00`00`D7`9D`00`7F`C2`97
  [1m[34mcan0[0m  181   [8]  00`00`D7`48`00`7F`C2`7A
  [1m[34mcan0[0m  181   [8]  00`00`D7`48`00`7F`C2`7A
  [1m[34mcan0[0m  181   [8]  00`00`D7`BD`00`7F`C2`72
  [1m[34mcan0[0m  181   [8]  00`00`D7`BD`00`7F`C2`72
  [1m[34mcan0[0m  181   [8]  00`00`D7`A8`00`7F`C2`A4
  [1m[34mcan0[0m  181   [8]  00`00`D7`A8`00`7F`C2`A4
  [1m[34mcan0[0m  181   [8]  00`00`D7`A8`00`7F`C2`A4
  [1m[34mcan0[0m  181   [8]  00`00`D7`53`00`7F`C2`3A
  [1m[34mcan0[0m  181   [8]  00`00`D7`53`00`7F`C2`3A
  [1m[34mcan0[0m  181   [8]  00`00`D7`A3`00`7F`C2`8F
  [1m[34mcan0[0m  181   [8]  00`00`D7`A3`00`7F`C2`8F
  [1m[34mcan0[0m  181   [8]  00`00`D7`AD`00`7F`C2`3F
  [1m[34mcan0[0m  181   [8]  00`00`D7`AD`00`7F`C2`3F
  [1m[34mcan0[0m  181   [8]  00`00`D8`33`00`7F`C2`15
  [1m[34mcan0[0m  181   [8]  00`00`D8`33`00`7F`C2`15
  [1m[34mcan0[0m  181   [8]  00`00`D8`33`00`7F`C2`15
  [1m[34mcan0[0m  181   [8]  00`00`D7`C3`00`7F`C1`87
  [1m[34mcan0[0m  181   [8]  00`00`D7`C3`00`7F`C1`87
  [1m[34mcan0[0m  181   [8]  00`00`D7`A3`00`7F`C2`6C
  [1m[34mcan0[0m  181   [8]  00`00`D7`A3`00`7F`C2`6C
  [1m[34mcan0[0m  181   [8]  00`00`D7`E8`00`7F`C2`25
  [1m[34mcan0[0m  181   [8]  00`00`D7`E8`00`7F`C2`25
  [1m[34mcan0[0m  181   [8]  00`00`D7`E8`00`7F`C2`25
  [1m[34mcan0[0m  181   [8]  00`00`D7`C3`00`7F`C1`47
  [1m[34mcan0[0m  181   [8]  00`00`D7`C3`00`7F`C1`47
  [1m[34mcan0[0m  181   [8]  00`00`D7`AD`00`7F`C0`95
  [1m[34mcan0[0m  181   [8]  00`00`D7`AD`00`7F`C0`95
  [1m[34mcan0[0m  181   [8]  00`00`D7`A8`00`7F`C0`B0
  [1m[34mcan0[0m  181   [8]  00`00`D7`A8`00`7F`C0`B0
  [1m[34mcan0[0m  181   [8]  00`00`D7`E8`00`7F`C0`EA
  [1m[34mcan0[0m  181   [8]  00`00`D7`E8`00`7F`C0`EA
  [1m[34mcan0[0m  181   [8]  00`00`D7`E8`00`7F`C0`EA
  [1m[34mcan0[0m  181   [8]  00`00`D6`7E`00`7F`BA`0F
  [1m[34mcan0[0m  181   [8]  00`00`D6`7E`00`7F`BA`0F
  [1m[34mcan0[0m  181   [8]  00`00`D9`22`00`7F`B1`5E
  [1m[34mcan0[0m  181   [8]  00`00`D9`22`00`7F`B1`5E
  [1m[34mcan0[0m  181   [8]  00`00`D5`51`00`7F`AB`4F
  [1m[34mcan0[0m  181   [8]  00`00`D5`51`00`7F`AB`4F
  [1m[34mcan0[0m  181   [8]  00`00`D6`A0`00`7F`B2`D0
  [1m[34mcan0[0m  181   [8]  00`00`D6`A0`00`7F`B2`D0
  [1m[34mcan0[0m  181   [8]  00`00`D6`A0`00`7F`B2`D0
  [1m[34mcan0[0m  181   [8]  00`00`D8`83`00`7F`AE`B9
  [1m[34mcan0[0m  181   [8]  00`00`D8`83`00`7F`AE`B9
  [1m[34mcan0[0m  181   [8]  00`00`D6`46`00`7F`AD`6F
  [1m[34mcan0[0m  181   [8]  00`00`D6`46`00`7F`AD`6F
  [1m[34mcan0[0m  181   [8]  00`00`D6`78`00`7F`B4`75
  [1m[34mcan0[0m  181   [8]  00`00`D6`78`00`7F`B4`75
  [1m[34mcan0[0m  181   [8]  00`00`D6`78`00`7F`B4`75
  [1m[34mcan0[0m  181   [8]  00`00`D9`98`00`7F`B7`B7
  [1m[34mcan0[0m  181   [8]  00`00`D9`98`00`7F`B7`B7
  [1m[34mcan0[0m  181   [8]  00`00`D9`E2`00`7F`AE`9C
  [1m[34mcan0[0m  181   [8]  00`00`D9`E2`00`7F`AE`9C
  [1m[34mcan0[0m  181   [8]  00`00`D6`C3`00`7F`B6`75
  [1m[34mcan0[0m  181   [8]  00`00`D6`C3`00`7F`B6`75
  [1m[34mcan0[0m  181   [8]  00`00`D8`ED`00`7F`BE`E0
  [1m[34mcan0[0m  181   [8]  00`00`D8`ED`00`7F`BE`E0
  [1m[34mcan0[0m  181   [8]  00`00`D8`ED`00`7F`BE`E0
  [1m[34mcan0[0m  181   [8]  00`00`D7`83`00`7F`C2`32
  [1m[34mcan0[0m  181   [8]  00`00`D7`83`00`7F`C2`32
  [1m[34mcan0[0m  181   [8]  00`00`D7`38`00`7F`BF`C8
  [1m[34mcan0[0m  181   [8]  00`00`D7`38`00`7F`BF`C8
  [1m[34mcan0[0m  181   [8]  00`00`D5`DE`00`7F`C1`DF
  [1m[34mcan0[0m  181   [8]  00`00`D5`DE`00`7F`C1`DF
  [1m[34mcan0[0m  181   [8]  00`00`D9`4D`00`7F`CA`1D
  [1m[34mcan0[0m  181   [8]  00`00`D9`4D`00`7F`CA`1D
  [1m[34mcan0[0m  181   [8]  00`00`D9`4D`00`7F`CA`1D
  [1m[34mcan0[0m  181   [8]  00`00`D8`03`00`7F`C2`05
  [1m[34mcan0[0m  181   [8]  00`00`D8`03`00`7F`C2`05
  [1m[34mcan0[0m  181   [8]  00`00`D6`23`00`7F`C8`1B
  [1m[34mcan0[0m  181   [8]  00`00`D6`23`00`7F`C8`1B
  [1m[34mcan0[0m  181   [8]  00`00`D7`2B`00`7F`C1`22
  [1m[34mcan0[0m  181   [8]  00`00`D7`2B`00`7F`C1`22
  [1m[34mcan0[0m  181   [8]  00`00`D7`2B`00`7F`C1`22
  [1m[34mcan0[0m  181   [8]  00`00`D7`58`00`7F`B5`40
  [1m[34mcan0[0m  181   [8]  00`00`D7`58`00`7F`B5`40
  [1m[34mcan0[0m  181   [8]  00`00`D5`1E`00`7F`AC`5D
  [1m[34mcan0[0m  181   [8]  00`00`D5`1E`00`7F`AC`5D
  [1m[34mcan0[0m  181   [8]  00`00`D7`68`00`7E`FF`FF
  [1m[34mcan0[0m  181   [8]  00`00`D7`68`00`7E`FF`FF
  [1m[34mcan0[0m  181   [8]  00`00`D6`FE`00`7E`C7`D2
  [1m[34mcan0[0m  181   [8]  00`00`D6`FE`00`7E`C7`D2
  [1m[34mcan0[0m  181   [8]  00`00`D6`FE`00`7E`C7`D2
  [1m[34mcan0[0m  181   [8]  00`00`D6`C8`00`7E`A8`97
  [1m[34mcan0[0m  181   [8]  00`00`D6`C8`00`7E`A8`97
  [1m[34mcan0[0m  181   [8]  00`00`D8`92`00`7E`9F`59
  [1m[34mcan0[0m  181   [8]  00`00`D8`92`00`7E`9F`59
  [1m[34mcan0[0m  181   [8]  00`00`D8`8D`00`7E`86`65
  [1m[34mcan0[0m  181   [8]  00`00`D8`8D`00`7E`86`65
  [1m[34mcan0[0m  181   [8]  00`00`DA`42`00`7E`12`91
  [1m[34mcan0[0m  181   [8]  00`00`DA`42`00`7E`12`91
  [1m[34mcan0[0m  181   [8]  00`00`DA`42`00`7E`12`91
  [1m[34mcan0[0m  181   [8]  00`00`D5`FE`00`7D`F5`F0
  [1m[34mcan0[0m  181   [8]  00`00`D5`FE`00`7D`F5`F0
  [1m[34mcan0[0m  181   [8]  00`00`D7`93`00`7D`AF`8C
  [1m[34mcan0[0m  181   [8]  00`00`D7`93`00`7D`AF`8C
  [1m[34mcan0[0m  181   [8]  00`00`D8`7D`00`7D`E3`30
  [1m[34mcan0[0m  181   [8]  00`00`D8`7D`00`7D`E3`30
  [1m[34mcan0[0m  181   [8]  00`00`D8`7D`00`7D`E3`30
  [1m[34mcan0[0m  181   [8]  00`00`D6`28`00`7E`68`6F
  [1m[34mcan0[0m  181   [8]  00`00`D6`28`00`7E`68`6F
  [1m[34mcan0[0m  181   [8]  00`00`D6`93`00`7E`AD`71
  [1m[34mcan0[0m  181   [8]  00`00`D6`93`00`7E`AD`71
  [1m[34mcan0[0m  181   [8]  00`00`D8`6D`00`7E`7D`74
  [1m[34mcan0[0m  181   [8]  00`00`D8`6D`00`7E`7D`74
  [1m[34mcan0[0m  181   [8]  00`00`D8`6B`00`7E`2C`46
  [1m[34mcan0[0m  181   [8]  00`00`D8`6B`00`7E`2C`46
  [1m[34mcan0[0m  181   [8]  00`00`D8`6B`00`7E`2C`46
  [1m[34mcan0[0m  181   [8]  00`00`D8`C2`00`7E`41`D6
  [1m[34mcan0[0m  181   [8]  00`00`D8`C2`00`7E`41`D6
  [1m[34mcan0[0m  181   [8]  00`00`D6`8E`00`7E`CC`9E
  [1m[34mcan0[0m  181   [8]  00`00`D6`8E`00`7E`CC`9E
  [1m[34mcan0[0m  181   [8]  00`00`D7`83`00`7E`C0`F1
  [1m[34mcan0[0m  181   [8]  00`00`D7`83`00`7E`C0`F1
  [1m[34mcan0[0m  181   [8]  00`00`D7`83`00`7E`C0`F1
  [1m[34mcan0[0m  181   [8]  00`00`D5`83`00`7E`77`86
  [1m[34mcan0[0m  181   [8]  00`00`D5`83`00`7E`77`86
  [1m[34mcan0[0m  181   [8]  00`00`D8`C8`00`7E`64`DA
  [1m[34mcan0[0m  181   [8]  00`00`D8`C8`00`7E`64`DA
  [1m[34mcan0[0m  181   [8]  00`00`D9`2D`00`7E`69`17
  [1m[34mcan0[0m  181   [8]  00`00`D9`2D`00`7E`69`17
  [1m[34mcan0[0m  181   [8]  00`00`D8`58`00`7E`7F`B6
  [1m[34mcan0[0m  181   [8]  00`00`D8`58`00`7E`7F`B6
  [1m[34mcan0[0m  181   [8]  00`00`D8`58`00`7E`7F`B6
  [1m[34mcan0[0m  181   [8]  00`00`D7`7D`00`7E`7D`9C
  [1m[34mcan0[0m  181   [8]  00`00`D7`7D`00`7E`7D`9C
  [1m[34mcan0[0m  181   [8]  00`00`D8`AD`00`7E`73`4A
  [1m[34mcan0[0m  181   [8]  00`00`D8`AD`00`7E`73`4A
  [1m[34mcan0[0m  181   [8]  00`00`D8`38`00`7E`63`38
  [1m[34mcan0[0m  181   [8]  00`00`D8`38`00`7E`63`38
  [1m[34mcan0[0m  181   [8]  00`00`D8`38`00`7E`63`38
  [1m[34mcan0[0m  181   [8]  00`00`D8`13`00`7E`6A`1C
  [1m[34mcan0[0m  181   [8]  00`00`D8`13`00`7E`6A`1C
  [1m[34mcan0[0m  181   [8]  00`00`D7`08`00`7E`78`48
  [1m[34mcan0[0m  181   [8]  00`00`D7`08`00`7E`78`48
  [1m[34mcan0[0m  181   [8]  00`00`D6`E3`00`7E`77`CB
  [1m[34mcan0[0m  181   [8]  00`00`D6`E3`00`7E`77`CB
  [1m[34mcan0[0m  181   [8]  00`00`D7`C3`00`7E`77`13
  [1m[34mcan0[0m  181   [8]  00`00`D7`C3`00`7E`77`13
  [1m[34mcan0[0m  181   [8]  00`00`D7`C3`00`7E`77`13
  [1m[34mcan0[0m  181   [8]  00`00`D6`93`00`7E`79`F3
  [1m[34mcan0[0m  181   [8]  00`00`D6`93`00`7E`79`F3
  [1m[34mcan0[0m  181   [8]  00`00`D8`23`00`7E`76`DE
  [1m[34mcan0[0m  181   [8]  00`00`D8`23`00`7E`76`DE
  [1m[34mcan0[0m  181   [8]  00`00`D6`78`00`7E`76`BB
  [1m[34mcan0[0m  181   [8]  00`00`D6`78`00`7E`76`BB
  [1m[34mcan0[0m  181   [8]  00`00`D6`78`00`7E`76`BB
  [1m[34mcan0[0m  181   [8]  00`00`D6`EE`00`7E`78`68
  [1m[34mcan0[0m  181   [8]  00`00`D6`EE`00`7E`78`68
  [1m[34mcan0[0m  181   [8]  00`00`D6`9E`00`7D`C8`39
  [1m[34mcan0[0m  181   [8]  00`00`D6`9E`00`7D`C8`39
  [1m[34mcan0[0m  181   [8]  00`00`D9`6D`00`7D`B8`6D
  [1m[34mcan0[0m  181   [8]  00`00`D9`6D`00`7D`B8`6D
  [1m[34mcan0[0m  181   [8]  00`00`D6`B8`00`7D`B8`65
  [1m[34mcan0[0m  181   [8]  00`00`D6`B8`00`7D`B8`65
  [1m[34mcan0[0m  181   [8]  00`00`D6`B8`00`7D`B8`65
  [1m[34mcan0[0m  181   [8]  00`00`D7`A3`00`7D`7B`DE
  [1m[34mcan0[0m  181   [8]  00`00`D7`A3`00`7D`7B`DE
  [1m[34mcan0[0m  181   [8]  00`00`D8`08`00`7D`5D`63
  [1m[34mcan0[0m  181   [8]  00`00`D8`08`00`7D`5D`63
  [1m[34mcan0[0m  181   [8]  00`00`D5`99`00`7D`5E`86
  [1m[34mcan0[0m  181   [8]  00`00`D5`99`00`7D`5E`86
  [1m[34mcan0[0m  181   [8]  00`00`D5`99`00`7D`5E`86
  [1m[34mcan0[0m  181   [8]  00`00`D9`2D`00`7D`80`90
  [1m[34mcan0[0m  181   [8]  00`00`D9`2D`00`7D`80`90
  [1m[34mcan0[0m  181   [8]  00`00`D7`E3`00`7D`C2`35
  [1m[34mcan0[0m  181   [8]  00`00`D7`E3`00`7D`C2`35
  [1m[34mcan0[0m  181   [8]  00`00`D7`D8`00`7D`F4`A3
  [1m[34mcan0[0m  181   [8]  00`00`D7`D8`00`7D`F4`A3
  [1m[34mcan0[0m  181   [8]  00`00`D8`0D`00`7D`7F`88
  [1m[34mcan0[0m  181   [8]  00`00`D8`0D`00`7D`7F`88
  [1m[34mcan0[0m  181   [8]  00`00`D8`0D`00`7D`7F`88
  [1m[34mcan0[0m  181   [8]  00`00`D7`3D`00`7D`77`BD
  [1m[34mcan0[0m  181   [8]  00`00`D7`3D`00`7D`77`BD
  [1m[34mcan0[0m  181   [8]  00`00`D6`78`00`7D`42`37
  [1m[34mcan0[0m  181   [8]  00`00`D6`78`00`7D`42`37
  [1m[34mcan0[0m  181   [8]  00`00`D6`FE`00`7D`08`F3
  [1m[34mcan0[0m  181   [8]  00`00`D6`FE`00`7D`08`F3
  [1m[34mcan0[0m  181   [8]  00`00`D6`FE`00`7D`08`F3
  [1m[34mcan0[0m  181   [8]  00`00`D6`F8`00`7C`B4`9D
  [1m[34mcan0[0m  181   [8]  00`00`D6`F8`00`7C`B4`9D
  [1m[34mcan0[0m  181   [8]  00`00`D7`33`00`7C`B8`86
  [1m[34mcan0[0m  181   [8]  00`00`D7`33`00`7C`B8`86
  [1m[34mcan0[0m  181   [8]  00`00`D6`D3`00`7C`A5`40
  [1m[34mcan0[0m  181   [8]  00`00`D6`D3`00`7C`A5`40
  [1m[34mcan0[0m  181   [8]  00`00`D8`43`00`7C`DE`B8
  [1m[34mcan0[0m  181   [8]  00`00`D8`43`00`7C`DE`B8
  [1m[34mcan0[0m  181   [8]  00`00`D8`43`00`7C`DE`B8
  [1m[34mcan0[0m  181   [8]  00`00`D8`DD`00`7D`07`96
  [1m[34mcan0[0m  181   [8]  00`00`D8`DD`00`7D`07`96
  [1m[34mcan0[0m  181   [8]  00`00`D6`FE`00`7D`07`03
  [1m[34mcan0[0m  181   [8]  00`00`D6`FE`00`7D`07`03
  [1m[34mcan0[0m  181   [8]  00`00`D7`DD`00`7C`F1`30
  [1m[34mcan0[0m  181   [8]  00`00`D7`DD`00`7C`F1`30
  [1m[34mcan0[0m  181   [8]  00`00`D7`DD`00`7C`F1`30
  [1m[34mcan0[0m  181   [8]  00`00`D6`D8`00`7C`E1`3A
  [1m[34mcan0[0m  181   [8]  00`00`D6`D8`00`7C`E1`3A
  [1m[34mcan0[0m  181   [8]  00`00`D5`E8`00`7C`E4`A9
  [1m[34mcan0[0m  181   [8]  00`00`D5`E8`00`7C`E4`A9
  [1m[34mcan0[0m  181   [8]  00`00`D8`98`00`7C`E1`E4
  [1m[34mcan0[0m  181   [8]  00`00`D8`98`00`7C`E1`E4
  [1m[34mcan0[0m  181   [8]  00`00`D7`A3`00`7C`E3`69
  [1m[34mcan0[0m  181   [8]  00`00`D7`A3`00`7C`E3`69
  [1m[34mcan0[0m  181   [8]  00`00`D7`A3`00`7C`E3`69
  [1m[34mcan0[0m  181   [8]  00`00`D8`D2`00`7C`E2`39
  [1m[34mcan0[0m  181   [8]  00`00`D8`D2`00`7C`E2`39
  [1m[34mcan0[0m  181   [8]  00`00`D8`98`00`7C`E1`37
  [1m[34mcan0[0m  181   [8]  00`00`D8`98`00`7C`E1`37
  [1m[34mcan0[0m  181   [8]  00`00`D8`98`00`7C`E2`07
  [1m[34mcan0[0m  181   [8]  00`00`D8`98`00`7C`E2`07
  [1m[34mcan0[0m  181   [8]  00`00`D8`98`00`7C`E2`07
  [1m[34mcan0[0m  181   [8]  00`00`D7`18`00`7C`E0`FF
  [1m[34mcan0[0m  181   [8]  00`00`D7`18`00`7C`E0`FF
  [1m[34mcan0[0m  181   [8]  00`00`D8`0D`00`7C`E2`21
  [1m[34mcan0[0m  181   [8]  00`00`D8`0D`00`7C`E2`21
  [1m[34mcan0[0m  181   [8]  00`00`D9`18`00`7C`E2`4C
  [1m[34mcan0[0m  181   [8]  00`00`D9`18`00`7C`E2`4C
  [1m[34mcan0[0m  181   [8]  00`00`D6`EE`00`7C`E3`B4
  [1m[34mcan0[0m  181   [8]  00`00`D6`EE`00`7C`E3`B4
  [1m[34mcan0[0m  181   [8]  00`00`D6`EE`00`7C`E3`B4
  [1m[34mcan0[0m  181   [8]  00`00`D8`13`00`7C`E1`37
  [1m[34mcan0[0m  181   [8]  00`00`D8`13`00`7C`E1`37
  [1m[34mcan0[0m  181   [8]  00`00`D7`63`00`7C`E2`5F
  [1m[34mcan0[0m  181   [8]  00`00`D7`63`00`7C`E2`5F
  [1m[34mcan0[0m  181   [8]  00`00`D8`53`00`7C`E2`CC
  [1m[34mcan0[0m  181   [8]  00`00`D8`53`00`7C`E2`CC
  [1m[34mcan0[0m  181   [8]  00`00`D8`53`00`7C`E2`CC
  [1m[34mcan0[0m  181   [8]  00`00`D8`B8`00`7C`E2`BF
  [1m[34mcan0[0m  181   [8]  00`00`D8`B8`00`7C`E2`BF
  [1m[34mcan0[0m  181   [8]  00`00`D7`2D`00`7C`E3`37
  [1m[34mcan0[0m  181   [8]  00`00`D7`2D`00`7C`E3`37
  [1m[34mcan0[0m  181   [8]  00`00`D8`58`00`7C`E4`61
  [1m[34mcan0[0m  181   [8]  00`00`D8`58`00`7C`E4`61
  [1m[34mcan0[0m  181   [8]  00`00`D8`AD`00`7C`E1`CC
  [1m[34mcan0[0m  181   [8]  00`00`D8`AD`00`7C`E1`CC
  [1m[34mcan0[0m  181   [8]  00`00`D8`AD`00`7C`E1`CC
  [1m[34mcan0[0m  181   [8]  00`00`D6`BE`00`7C`E2`E4
  [1m[34mcan0[0m  181   [8]  00`00`D6`BE`00`7C`E2`E4
  [1m[34mcan0[0m  181   [8]  00`00`D8`A8`00`7C`E1`FA
  [1m[34mcan0[0m  181   [8]  00`00`D8`A8`00`7C`E1`FA
  [1m[34mcan0[0m  181   [8]  00`00`D6`A3`00`7D`3D`43
  [1m[34mcan0[0m  181   [8]  00`00`D6`A3`00`7D`3D`43
  [1m[34mcan0[0m  181   [8]  00`00`D6`A3`00`7D`3D`43
  [1m[34mcan0[0m  181   [8]  00`00`D8`5D`00`7D`7D`13
  [1m[34mcan0[0m  181   [8]  00`00`D8`5D`00`7D`7D`13
  [1m[34mcan0[0m  181   [8]  00`00`D6`53`00`7D`5F`1B
  [1m[34mcan0[0m  181   [8]  00`00`D6`53`00`7D`5F`1B
  [1m[34mcan0[0m  181   [8]  00`00`D6`43`00`7D`4D`C4
  [1m[34mcan0[0m  181   [8]  00`00`D6`43`00`7D`4D`C4
  [1m[34mcan0[0m  181   [8]  00`00`D5`F8`00`7D`83`FF
  [1m[34mcan0[0m  181   [8]  00`00`D5`F8`00`7D`83`FF
  [1m[34mcan0[0m  181   [8]  00`00`D5`F8`00`7D`83`FF
  [1m[34mcan0[0m  181   [8]  00`00`DA`6D`00`7E`0E`D2
  [1m[34mcan0[0m  181   [8]  00`00`DA`6D`00`7E`0E`D2
  [1m[34mcan0[0m  181   [8]  00`00`D7`53`00`7E`30`AF
  [1m[34mcan0[0m  181   [8]  00`00`D7`53`00`7E`30`AF
  [1m[34mcan0[0m  181   [8]  00`00`D6`BE`00`7D`BD`D9
  [1m[34mcan0[0m  181   [8]  00`00`D6`BE`00`7D`BD`D9
  [1m[34mcan0[0m  181   [8]  00`00`D6`BE`00`7D`BD`D9
  [1m[34mcan0[0m  181   [8]  00`00`D5`A3`00`7D`B9`27
  [1m[34mcan0[0m  181   [8]  00`00`D5`A3`00`7D`B9`27
  [1m[34mcan0[0m  181   [8]  00`00`D8`03`00`7D`CD`1D
  [1m[34mcan0[0m  181   [8]  00`00`D8`03`00`7D`CD`1D
  [1m[34mcan0[0m  181   [8]  00`00`D7`23`00`7E`3B`FA
  [1m[34mcan0[0m  181   [8]  00`00`D7`23`00`7E`3B`FA
  [1m[34mcan0[0m  181   [8]  00`00`D6`DE`00`7E`7C`AA
  [1m[34mcan0[0m  181   [8]  00`00`D6`DE`00`7E`7C`AA
  [1m[34mcan0[0m  181   [8]  00`00`D6`DE`00`7E`7C`AA
  [1m[34mcan0[0m  181   [8]  00`00`D7`A3`00`7E`0C`F8
  [1m[34mcan0[0m  181   [8]  00`00`D7`A3`00`7E`0C`F8
  [1m[34mcan0[0m  181   [8]  00`00`D8`28`00`7D`DE`BE
  [1m[34mcan0[0m  181   [8]  00`00`D8`28`00`7D`DE`BE
  [1m[34mcan0[0m  181   [8]  00`00`D7`B8`00`7D`A4`F4
  [1m[34mcan0[0m  181   [8]  00`00`D7`B8`00`7D`A4`F4
  [1m[34mcan0[0m  181   [8]  00`00`D7`B8`00`7D`A4`F4
  [1m[34mcan0[0m  181   [8]  00`00`D7`B5`00`7D`D5`1B
  [1m[34mcan0[0m  181   [8]  00`00`D7`B5`00`7D`D5`1B
  [1m[34mcan0[0m  181   [8]  00`00`D7`53`00`7D`C6`B7
  [1m[34mcan0[0m  181   [8]  00`00`D7`53`00`7D`C6`B7
  [1m[34mcan0[0m  181   [8]  00`00`D8`ED`00`7E`2D`03
  [1m[34mcan0[0m  181   [8]  00`00`D8`ED`00`7E`2D`03
  [1m[34mcan0[0m  181   [8]  00`00`D9`52`00`7E`7E`04
  [1m[34mcan0[0m  181   [8]  00`00`D9`52`00`7E`7E`04
  [1m[34mcan0[0m  181   [8]  00`00`D9`52`00`7E`7E`04
  [1m[34mcan0[0m  181   [8]  00`00`D9`A2`00`7E`C3`03
  [1m[34mcan0[0m  181   [8]  00`00`D9`A2`00`7E`C3`03
  [1m[34mcan0[0m  181   [8]  00`00`D7`AD`00`7E`B5`59
  [1m[34mcan0[0m  181   [8]  00`00`D7`AD`00`7E`B5`59
  [1m[34mcan0[0m  181   [8]  00`00`D8`D8`00`7E`A7`E7
  [1m[34mcan0[0m  181   [8]  00`00`D8`D8`00`7E`A7`E7
  [1m[34mcan0[0m  181   [8]  00`00`D8`D8`00`7E`A7`E7
  [1m[34mcan0[0m  181   [8]  00`00`D5`79`00`7E`AA`CF
  [1m[34mcan0[0m  181   [8]  00`00`D5`79`00`7E`AA`CF
  [1m[34mcan0[0m  181   [8]  00`00`D9`AD`00`7E`A5`4B
  [1m[34mcan0[0m  181   [8]  00`00`D9`AD`00`7E`A5`4B
  [1m[34mcan0[0m  181   [8]  00`00`D7`D8`00`7E`C0`2F
  [1m[34mcan0[0m  181   [8]  00`00`D7`D8`00`7E`C0`2F
  [1m[34mcan0[0m  181   [8]  00`00`D8`18`00`7E`C7`3A
  [1m[34mcan0[0m  181   [8]  00`00`D8`18`00`7E`C7`3A
  [1m[34mcan0[0m  181   [8]  00`00`D8`18`00`7E`C7`3A
  [1m[34mcan0[0m  181   [8]  00`00`D8`88`00`7E`BE`EF
  [1m[34mcan0[0m  181   [8]  00`00`D8`88`00`7E`BE`EF
  [1m[34mcan0[0m  181   [8]  00`00`D9`7D`00`7E`BA`00
  [1m[34mcan0[0m  181   [8]  00`00`D9`7D`00`7E`BA`00
  [1m[34mcan0[0m  181   [8]  00`00`D7`D3`00`7E`B9`F3
  [1m[34mcan0[0m  181   [8]  00`00`D7`D3`00`7E`B9`F3
  [1m[34mcan0[0m  181   [8]  00`00`D7`D3`00`7E`B9`F3
  [1m[34mcan0[0m  181   [8]  00`00`D5`8E`00`7E`BB`E2
  [1m[34mcan0[0m  181   [8]  00`00`D5`8E`00`7E`BB`E2
  [1m[34mcan0[0m  181   [8]  00`00`D6`AB`00`7E`BA`08
  [1m[34mcan0[0m  181   [8]  00`00`D6`AB`00`7E`BA`08
  [1m[34mcan0[0m  181   [8]  00`00`D5`A3`00`7E`B9`0E
  [1m[34mcan0[0m  181   [8]  00`00`D5`A3`00`7E`B9`0E
  [1m[34mcan0[0m  181   [8]  00`00`D9`D2`00`7E`B6`04
  [1m[34mcan0[0m  181   [8]  00`00`D9`D2`00`7E`B6`04
  [1m[34mcan0[0m  181   [8]  00`00`D9`D2`00`7E`B6`04
  [1m[34mcan0[0m  181   [8]  00`00`D7`33`00`7E`B8`49
  [1m[34mcan0[0m  181   [8]  00`00`D7`33`00`7E`B8`49
  [1m[34mcan0[0m  181   [8]  00`00`D8`E8`00`7E`B9`6B
  [1m[34mcan0[0m  181   [8]  00`00`D8`E8`00`7E`B9`6B
  [1m[34mcan0[0m  181   [8]  00`00`D8`78`00`7E`B9`C6
  [1m[34mcan0[0m  181   [8]  00`00`D8`78`00`7E`B9`C6
  [1m[34mcan0[0m  181   [8]  00`00`D8`78`00`7E`B9`C6
  [1m[34mcan0[0m  181   [8]  00`00`D7`78`00`7E`B8`83
  [1m[34mcan0[0m  181   [8]  00`00`D7`78`00`7E`B8`83
  [1m[34mcan0[0m  181   [8]  00`00`D8`3D`00`7E`B9`86
  [1m[34mcan0[0m  181   [8]  00`00`D8`3D`00`7E`B9`86
  [1m[34mcan0[0m  181   [8]  00`00`D5`FE`00`7E`BA`FB
  [1m[34mcan0[0m  181   [8]  00`00`D5`FE`00`7E`BA`FB
  [1m[34mcan0[0m  181   [8]  00`00`D7`2D`00`7E`B8`EE
  [1m[34mcan0[0m  181   [8]  00`00`D7`2D`00`7E`B8`EE
  [1m[34mcan0[0m  181   [8]  00`00`D7`2D`00`7E`B8`EE
  [1m[34mcan0[0m  181   [8]  00`00`D9`42`00`7E`0A`E1
  [1m[34mcan0[0m  181   [8]  00`00`D9`42`00`7E`0A`E1
  [1m[34mcan0[0m  181   [8]  00`00`D6`1E`00`7D`DE`51
  [1m[34mcan0[0m  181   [8]  00`00`D6`1E`00`7D`DE`51
  [1m[34mcan0[0m  181   [8]  00`00`D7`FD`00`7D`CB`36
  [1m[34mcan0[0m  181   [8]  00`00`D7`FD`00`7D`CB`36
  [1m[34mcan0[0m  181   [8]  00`00`D7`FD`00`7D`CB`36
  [1m[34mcan0[0m  181   [8]  00`00`D8`7D`00`7D`92`41
  [1m[34mcan0[0m  181   [8]  00`00`D8`7D`00`7D`92`41
  [1m[34mcan0[0m  181   [8]  00`00`D9`58`00`7D`7D`81
  [1m[34mcan0[0m  181   [8]  00`00`D9`58`00`7D`7D`81
  [1m[34mcan0[0m  181   [8]  00`00`D6`38`00`7D`5D`F8
  [1m[34mcan0[0m  181   [8]  00`00`D6`38`00`7D`5D`F8
  [1m[34mcan0[0m  181   [8]  00`00`D6`63`00`7D`C3`ED
  [1m[34mcan0[0m  181   [8]  00`00`D6`63`00`7D`C3`ED
  [1m[34mcan0[0m  181   [8]  00`00`D6`63`00`7D`C3`ED
  [1m[34mcan0[0m  181   [8]  00`00`D6`B8`00`7E`20`AB
  [1m[34mcan0[0m  181   [8]  00`00`D6`B8`00`7E`20`AB
  [1m[34mcan0[0m  181   [8]  00`00`D6`EE`00`7E`18`D5
  [1m[34mcan0[0m  181   [8]  00`00`D6`EE`00`7E`18`D5
  [1m[34mcan0[0m  181   [8]  00`00`D3`F9`00`7D`A7`FE
  [1m[34mcan0[0m  181   [8]  00`00`D3`F9`00`7D`A7`FE
  [1m[34mcan0[0m  181   [8]  00`00`D3`F9`00`7D`A7`FE
  [1m[34mcan0[0m  181   [8]  00`00`D7`93`00`7D`89`53
  [1m[34mcan0[0m  181   [8]  00`00`D7`93`00`7D`89`53
  [1m[34mcan0[0m  181   [8]  00`00`D7`CD`00`7D`53`63
  [1m[34mcan0[0m  181   [8]  00`00`D7`CD`00`7D`53`63
  [1m[34mcan0[0m  181   [8]  00`00`D6`B8`00`7D`31`8B
  [1m[34mcan0[0m  181   [8]  00`00`D6`B8`00`7D`31`8B
  [1m[34mcan0[0m  181   [8]  00`00`D4`E9`00`7C`CF`D1
  [1m[34mcan0[0m  181   [8]  00`00`D4`E9`00`7C`CF`D1
  [1m[34mcan0[0m  181   [8]  00`00`D4`E9`00`7C`CF`D1
  [1m[34mcan0[0m  181   [8]  00`00`D8`D2`00`7C`AD`B6
  [1m[34mcan0[0m  181   [8]  00`00`D8`D2`00`7C`AD`B6
  [1m[34mcan0[0m  181   [8]  00`00`D7`FD`00`7C`C3`9C
  [1m[34mcan0[0m  181   [8]  00`00`D7`FD`00`7C`C3`9C
  [1m[34mcan0[0m  181   [8]  00`00`D7`ED`00`7C`E3`A9
  [1m[34mcan0[0m  181   [8]  00`00`D7`ED`00`7C`E3`A9
  [1m[34mcan0[0m  181   [8]  00`00`D7`ED`00`7C`E3`A9
  [1m[34mcan0[0m  181   [8]  00`00`D6`3E`00`7D`04`14
  [1m[34mcan0[0m  181   [8]  00`00`D6`3E`00`7D`04`14
  [1m[34mcan0[0m  181   [8]  00`00`D7`78`00`7D`0D`42
  [1m[34mcan0[0m  181   [8]  00`00`D7`78`00`7D`0D`42
  [1m[34mcan0[0m  181   [8]  00`00`D8`58`00`7D`00`D2
  [1m[34mcan0[0m  181   [8]  00`00`D8`58`00`7D`00`D2
  [1m[34mcan0[0m  181   [8]  00`00`D9`4D`00`7C`EA`6F
  [1m[34mcan0[0m  181   [8]  00`00`D9`4D`00`7C`EA`6F
  [1m[34mcan0[0m  181   [8]  00`00`D9`4D`00`7C`EA`6F
  [1m[34mcan0[0m  181   [8]  00`00`D6`7E`00`7C`E9`38
  [1m[34mcan0[0m  181   [8]  00`00`D6`7E`00`7C`E9`38
  [1m[34mcan0[0m  181   [8]  00`00`D9`42`00`7C`EE`B9
  [1m[34mcan0[0m  181   [8]  00`00`D9`42`00`7C`EE`B9
  [1m[34mcan0[0m  181   [8]  00`00`D5`B9`00`7C`EA`AD
  [1m[34mcan0[0m  181   [8]  00`00`D5`B9`00`7C`EA`AD
  [1m[34mcan0[0m  181   [8]  00`00`D5`B9`00`7C`EA`AD
  [1m[34mcan0[0m  181   [8]  00`00`D9`98`00`7C`E7`83
  [1m[34mcan0[0m  181   [8]  00`00`D9`98`00`7C`E7`83
  [1m[34mcan0[0m  181   [8]  00`00`D8`28`00`7C`D9`7E
  [1m[34mcan0[0m  181   [8]  00`00`D8`28`00`7C`D9`7E
  [1m[34mcan0[0m  181   [8]  00`00`D9`FD`00`7C`D7`D7
  [1m[34mcan0[0m  181   [8]  00`00`D9`FD`00`7C`D7`D7
  [1m[34mcan0[0m  181   [8]  00`00`D9`E7`00`7C`D9`16
  [1m[34mcan0[0m  181   [8]  00`00`D9`E7`00`7C`D9`16
  [1m[34mcan0[0m  181   [8]  00`00`D9`E7`00`7C`D9`16
  [1m[34mcan0[0m  181   [8]  00`00`D5`FE`00`7C`D9`D6
  [1m[34mcan0[0m  181   [8]  00`00`D5`FE`00`7C`D9`D6
  [1m[34mcan0[0m  181   [8]  00`00`D5`CE`00`7C`DD`F3
  [1m[34mcan0[0m  181   [8]  00`00`D5`CE`00`7C`DD`F3
  [1m[34mcan0[0m  181   [8]  00`00`D9`BD`00`7C`DF`6A
  [1m[34mcan0[0m  181   [8]  00`00`D9`BD`00`7C`DF`6A
  [1m[34mcan0[0m  181   [8]  00`00`D9`BD`00`7C`DF`6A
  [1m[34mcan0[0m  181   [8]  00`00`D6`13`00`7C`DE`1A
  [1m[34mcan0[0m  181   [8]  00`00`D6`13`00`7C`DE`1A
  [1m[34mcan0[0m  181   [8]  00`00`D8`E8`00`7C`DE`A0
  [1m[34mcan0[0m  181   [8]  00`00`D8`E8`00`7C`DE`A0
  [1m[34mcan0[0m  181   [8]  00`00`D8`C2`00`7C`DF`48
  [1m[34mcan0[0m  181   [8]  00`00`D8`C2`00`7C`DF`48
  [1m[34mcan0[0m  181   [8]  00`00`D6`2E`00`7C`DF`1D
  [1m[34mcan0[0m  181   [8]  00`00`D6`2E`00`7C`DF`1D
  [1m[34mcan0[0m  181   [8]  00`00`D6`2E`00`7C`DF`1D
  [1m[34mcan0[0m  181   [8]  00`00`D7`C3`00`7C`DC`DB
  [1m[34mcan0[0m  181   [8]  00`00`D7`C3`00`7C`DC`DB
  [1m[34mcan0[0m  181   [8]  00`00`D7`3D`00`7C`DC`66
  [1m[34mcan0[0m  181   [8]  00`00`D7`3D`00`7C`DC`66
  [1m[34mcan0[0m  181   [8]  00`00`D9`78`00`7C`E0`02
  [1m[34mcan0[0m  181   [8]  00`00`D9`78`00`7C`E0`02
  [1m[34mcan0[0m  181   [8]  00`00`D9`78`00`7C`E0`02
  [1m[34mcan0[0m  181   [8]  00`00`D7`83`00`7C`E0`6D
  [1m[34mcan0[0m  181   [8]  00`00`D7`83`00`7C`E0`6D
  [1m[34mcan0[0m  181   [8]  00`00`D6`C8`00`7C`DF`FA
  [1m[34mcan0[0m  181   [8]  00`00`D6`C8`00`7C`DF`FA
  [1m[34mcan0[0m  181   [8]  00`00`D8`D2`00`7D`4B`8A
  [1m[34mcan0[0m  181   [8]  00`00`D8`D2`00`7D`4B`8A
  [1m[34mcan0[0m  181   [8]  00`00`D8`CD`00`7D`66`24
  [1m[34mcan0[0m  181   [8]  00`00`D8`CD`00`7D`66`24
  [1m[34mcan0[0m  181   [8]  00`00`D8`CD`00`7D`66`24
  [1m[34mcan0[0m  181   [8]  00`00`D7`DD`00`7D`65`69
  [1m[34mcan0[0m  181   [8]  00`00`D7`DD`00`7D`65`69
  [1m[34mcan0[0m  181   [8]  00`00`D6`3E`00`7D`4E`A7
  [1m[34mcan0[0m  181   [8]  00`00`D6`3E`00`7D`4E`A7
  [1m[34mcan0[0m  181   [8]  00`00`D6`EB`00`7D`8C`A5
  [1m[34mcan0[0m  181   [8]  00`00`D6`EB`00`7D`8C`A5
  [1m[34mcan0[0m  181   [8]  00`00`D6`EB`00`7D`8C`A5
  [1m[34mcan0[0m  181   [8]  00`00`D6`A3`00`7D`E8`BC
  [1m[34mcan0[0m  181   [8]  00`00`D6`A3`00`7D`E8`BC
  [1m[34mcan0[0m  181   [8]  00`00`D6`8B`00`7D`F0`74
  [1m[34mcan0[0m  181   [8]  00`00`D6`8B`00`7D`F0`74
  [1m[34mcan0[0m  181   [8]  00`00`D8`38`00`7D`AA`28
  [1m[34mcan0[0m  181   [8]  00`00`D8`38`00`7D`AA`28
  [1m[34mcan0[0m  181   [8]  00`00`D6`0E`00`7D`BC`F1
  [1m[34mcan0[0m  181   [8]  00`00`D6`0E`00`7D`BC`F1
  [1m[34mcan0[0m  181   [8]  00`00`D6`0E`00`7D`BC`F1
  [1m[34mcan0[0m  181   [8]  00`00`D6`6E`00`7D`F4`81
  [1m[34mcan0[0m  181   [8]  00`00`D6`6E`00`7D`F4`81
  [1m[34mcan0[0m  181   [8]  00`00`D8`6B`00`7E`50`9A
  [1m[34mcan0[0m  181   [8]  00`00`D8`6B`00`7E`50`9A
  [1m[34mcan0[0m  181   [8]  00`00`D5`A3`00`7E`8F`1B
  [1m[34mcan0[0m  181   [8]  00`00`D5`A3`00`7E`8F`1B
  [1m[34mcan0[0m  181   [8]  00`00`D5`A3`00`7E`8F`1B
  [1m[34mcan0[0m  181   [8]  00`00`D6`B3`00`7E`06`D4
  [1m[34mcan0[0m  181   [8]  00`00`D6`B3`00`7E`06`D4
  [1m[34mcan0[0m  181   [8]  00`00`D9`6D`00`7D`CF`12
  [1m[34mcan0[0m  181   [8]  00`00`D9`6D`00`7D`CF`12
  [1m[34mcan0[0m  181   [8]  00`00`D7`E0`00`7D`D0`32
  [1m[34mcan0[0m  181   [8]  00`00`D7`E0`00`7D`D0`32
  [1m[34mcan0[0m  181   [8]  00`00`D7`8D`00`7D`A5`04
  [1m[34mcan0[0m  181   [8]  00`00`D7`8D`00`7D`A5`04
  [1m[34mcan0[0m  181   [8]  00`00`D7`8D`00`7D`A5`04
  [1m[34mcan0[0m  181   [8]  00`00`D6`B3`00`7D`DB`9F
  [1m[34mcan0[0m  181   [8]  00`00`D6`B3`00`7D`DB`9F
  [1m[34mcan0[0m  181   [8]  00`00`D6`68`00`7E`05`87
  [1m[34mcan0[0m  181   [8]  00`00`D6`68`00`7E`05`87
  [1m[34mcan0[0m  181   [8]  00`00`D5`36`00`7E`76`E1
  [1m[34mcan0[0m  181   [8]  00`00`D5`36`00`7E`76`E1
  [1m[34mcan0[0m  181   [8]  00`00`D5`36`00`7E`76`E1
  [1m[34mcan0[0m  181   [8]  00`00`D7`9D`00`7E`CF`7E
  [1m[34mcan0[0m  181   [8]  00`00`D7`9D`00`7E`CF`7E
  [1m[34mcan0[0m  181   [8]  00`00`D4`FE`00`7E`DF`67
  [1m[34mcan0[0m  181   [8]  00`00`D4`FE`00`7E`DF`67
  [1m[34mcan0[0m  181   [8]  00`00`D7`93`00`7E`9E`AF
  [1m[34mcan0[0m  181   [8]  00`00`D7`93`00`7E`9E`AF
  [1m[34mcan0[0m  181   [8]  00`00`D6`7E`00`7E`99`23
  [1m[34mcan0[0m  181   [8]  00`00`D6`7E`00`7E`99`23
  [1m[34mcan0[0m  181   [8]  00`00`D6`7E`00`7E`99`23
  [1m[34mcan0[0m  181   [8]  00`00`D7`55`00`7E`92`3D
  [1m[34mcan0[0m  181   [8]  00`00`D7`55`00`7E`92`3D
  [1m[34mcan0[0m  181   [8]  00`00`D8`B8`00`7E`B3`6C
  [1m[34mcan0[0m  181   [8]  00`00`D8`B8`00`7E`B3`6C
  [1m[34mcan0[0m  181   [8]  00`00`D8`8D`00`7E`BA`43
  [1m[34mcan0[0m  181   [8]  00`00`D8`8D`00`7E`BA`43
  [1m[34mcan0[0m  181   [8]  00`00`D8`8D`00`7E`BA`43
  [1m[34mcan0[0m  181   [8]  00`00`D6`38`00`7E`B3`7C
  [1m[34mcan0[0m  181   [8]  00`00`D6`38`00`7E`B3`7C
  [1m[34mcan0[0m  181   [8]  00`00`D7`95`00`7E`A8`77
  [1m[34mcan0[0m  181   [8]  00`00`D7`95`00`7E`A8`77
  [1m[34mcan0[0m  181   [8]  00`00`D6`FE`00`7E`A8`C4
  [1m[34mcan0[0m  181   [8]  00`00`D6`FE`00`7E`A8`C4
  [1m[34mcan0[0m  181   [8]  00`00`D7`1E`00`7E`AE`33
  [1m[34mcan0[0m  181   [8]  00`00`D7`1E`00`7E`AE`33
  [1m[34mcan0[0m  181   [8]  00`00`D7`1E`00`7E`AE`33
  [1m[34mcan0[0m  181   [8]  00`00`D8`CD`00`7E`AC`24
  [1m[34mcan0[0m  181   [8]  00`00`D8`CD`00`7E`AC`24
  [1m[34mcan0[0m  181   [8]  00`00`D9`F7`00`7E`A8`6A
  [1m[34mcan0[0m  181   [8]  00`00`D9`F7`00`7E`A8`6A
  [1m[34mcan0[0m  181   [8]  00`00`D8`63`00`7E`A7`A7
  [1m[34mcan0[0m  181   [8]  00`00`D8`63`00`7E`A7`A7
  [1m[34mcan0[0m  181   [8]  00`00`D8`63`00`7E`A7`A7
  [1m[34mcan0[0m  181   [8]  00`00`D6`FE`00`7E`A6`E8
  [1m[34mcan0[0m  181   [8]  00`00`D6`FE`00`7E`A6`E8
  [1m[34mcan0[0m  181   [8]  00`00`D8`53`00`7E`A8`32
  [1m[34mcan0[0m  181   [8]  00`00`D8`53`00`7E`A8`32
  [1m[34mcan0[0m  181   [8]  00`00`D6`C8`00`7E`A7`E7
  [1m[34mcan0[0m  181   [8]  00`00`D6`C8`00`7E`A7`E7
  [1m[34mcan0[0m  181   [8]  00`00`D8`63`00`7E`A8`74
  [1m[34mcan0[0m  181   [8]  00`00`D8`63`00`7E`A8`74
  [1m[34mcan0[0m  181   [8]  00`00`D8`63`00`7E`A8`74
  [1m[34mcan0[0m  181   [8]  00`00`D6`98`00`7E`A8`05
  [1m[34mcan0[0m  181   [8]  00`00`D6`98`00`7E`A8`05
  [1m[34mcan0[0m  181   [8]  00`00`D6`8E`00`7E`A9`1C
  [1m[34mcan0[0m  181   [8]  00`00`D6`8E`00`7E`A9`1C
  [1m[34mcan0[0m  181   [8]  00`00`D7`16`00`7E`A9`1C
  [1m[34mcan0[0m  181   [8]  00`00`D7`16`00`7E`A9`1C
  [1m[34mcan0[0m  181   [8]  00`00`D7`16`00`7E`A9`1C
  [1m[34mcan0[0m  181   [8]  00`00`D7`13`00`7E`12`FF
  [1m[34mcan0[0m  181   [8]  00`00`D7`13`00`7E`12`FF
  [1m[34mcan0[0m  181   [8]  00`00`D6`BE`00`7D`EB`68
  [1m[34mcan0[0m  181   [8]  00`00`D6`BE`00`7D`EB`68
  [1m[34mcan0[0m  181   [8]  00`00`D7`13`00`7D`C6`4C
  [1m[34mcan0[0m  181   [8]  00`00`D7`13`00`7D`C6`4C
  [1m[34mcan0[0m  181   [8]  00`00`D9`A5`00`7D`97`62
  [1m[34mcan0[0m  181   [8]  00`00`D9`A5`00`7D`97`62
  [1m[34mcan0[0m  181   [8]  00`00`D9`A5`00`7D`97`62
  [1m[34mcan0[0m  181   [8]  00`00`D8`FD`00`7D`8B`DD
  [1m[34mcan0[0m  181   [8]  00`00`D8`FD`00`7D`8B`DD
  [1m[34mcan0[0m  181   [8]  00`00`D7`B8`00`7D`94`33
  [1m[34mcan0[0m  181   [8]  00`00`D7`B8`00`7D`94`33
  [1m[34mcan0[0m  181   [8]  00`00`D7`38`00`7D`CB`50
  [1m[34mcan0[0m  181   [8]  00`00`D7`38`00`7D`CB`50
  [1m[34mcan0[0m  181   [8]  00`00`D7`38`00`7D`CB`50
  [1m[34mcan0[0m  181   [8]  00`00`D8`A8`00`7E`0D`60
  [1m[34mcan0[0m  181   [8]  00`00`D8`A8`00`7E`0D`60
  [1m[34mcan0[0m  181   [8]  00`00`D8`08`00`7D`EF`87
  [1m[34mcan0[0m  181   [8]  00`00`D8`08`00`7D`EF`87
  [1m[34mcan0[0m  181   [8]  00`00`D8`08`00`7D`AC`4D
  [1m[34mcan0[0m  181   [8]  00`00`D8`08`00`7D`AC`4D
  [1m[34mcan0[0m  181   [8]  00`00`D7`13`00`7D`70`41
  [1m[34mcan0[0m  181   [8]  00`00`D7`13`00`7D`70`41
  [1m[34mcan0[0m  181   [8]  00`00`D7`13`00`7D`70`41
  [1m[34mcan0[0m  181   [8]  00`00`D8`6D`00`7D`27`F8
  [1m[34mcan0[0m  181   [8]  00`00`D8`6D`00`7D`27`F8
  [1m[34mcan0[0m  181   [8]  00`00`D8`63`00`7D`1C`D6
  [1m[34mcan0[0m  181   [8]  00`00`D8`63`00`7D`1C`D6
  [1m[34mcan0[0m  181   [8]  00`00`D7`4B`00`7C`C7`E0
  [1m[34mcan0[0m  181   [8]  00`00`D7`4B`00`7C`C7`E0
  [1m[34mcan0[0m  181   [8]  00`00`D7`4B`00`7C`C7`E0
  [1m[34mcan0[0m  181   [8]  00`00`D6`C8`00`7C`CF`96
  [1m[34mcan0[0m  181   [8]  00`00`D6`C8`00`7C`CF`96
  [1m[34mcan0[0m  181   [8]  00`00`D8`28`00`7C`AE`DB
  [1m[34mcan0[0m  181   [8]  00`00`D8`28`00`7C`AE`DB
  [1m[34mcan0[0m  181   [8]  00`00`D6`76`00`7C`C5`5E
  [1m[34mcan0[0m  181   [8]  00`00`D6`76`00`7C`C5`5E
  [1m[34mcan0[0m  181   [8]  00`00`D6`0E`00`7D`0A`B2
  [1m[34mcan0[0m  181   [8]  00`00`D6`0E`00`7D`0A`B2
  [1m[34mcan0[0m  181   [8]  00`00`D6`0E`00`7D`0A`B2
  [1m[34mcan0[0m  181   [8]  00`00`D8`F8`00`7D`19`29
  [1m[34mcan0[0m  181   [8]  00`00`D8`F8`00`7D`19`29
  [1m[34mcan0[0m  181   [8]  00`00`D9`8D`00`7D`18`5C
  [1m[34mcan0[0m  181   [8]  00`00`D9`8D`00`7D`18`5C
  [1m[34mcan0[0m  181   [8]  00`00`D7`13`00`7C`FD`9B
  [1m[34mcan0[0m  181   [8]  00`00`D7`13`00`7C`FD`9B
  [1m[34mcan0[0m  181   [8]  00`00`D7`13`00`7C`FD`9B
  [1m[34mcan0[0m  181   [8]  00`00`D6`6E`00`7C`FC`23
  [1m[34mcan0[0m  181   [8]  00`00`D6`6E`00`7C`FC`23
  [1m[34mcan0[0m  181   [8]  00`00`D6`4E`00`7C`FD`CD
  [1m[34mcan0[0m  181   [8]  00`00`D6`4E`00`7C`FD`CD
  [1m[34mcan0[0m  181   [8]  00`00`D7`38`00`7C`FD`18
  [1m[34mcan0[0m  181   [8]  00`00`D7`38`00`7C`FD`18
  [1m[34mcan0[0m  181   [8]  00`00`D7`38`00`7C`FD`18
  [1m[34mcan0[0m  181   [8]  00`00`D8`63`00`7C`FE`B8
  [1m[34mcan0[0m  181   [8]  00`00`D8`63`00`7C`FE`B8
  [1m[34mcan0[0m  181   [8]  00`00`D9`E2`00`7C`F1`40
  [1m[34mcan0[0m  181   [8]  00`00`D9`E2`00`7C`F1`40
  [1m[34mcan0[0m  181   [8]  00`00`D7`B8`00`7C`ED`C9
  [1m[34mcan0[0m  181   [8]  00`00`D7`B8`00`7C`ED`C9
  [1m[34mcan0[0m  181   [8]  00`00`D8`63`00`7C`F0`A6
  [1m[34mcan0[0m  181   [8]  00`00`D8`63`00`7C`F0`A6
  [1m[34mcan0[0m  181   [8]  00`00`D8`63`00`7C`F0`A6
  [1m[34mcan0[0m  181   [8]  00`00`D5`9E`00`7C`F1`D0
  [1m[34mcan0[0m  181   [8]  00`00`D5`9E`00`7C`F1`D0
  [1m[34mcan0[0m  181   [8]  00`00`D6`43`00`7C`EF`F6
  [1m[34mcan0[0m  181   [8]  00`00`D6`43`00`7C`EF`F6
  [1m[34mcan0[0m  181   [8]  00`00`D6`F8`00`7C`F0`FB
  [1m[34mcan0[0m  181   [8]  00`00`D6`F8`00`7C`F0`FB
  [1m[34mcan0[0m  181   [8]  00`00`D6`F8`00`7C`F0`FB
  [1m[34mcan0[0m  181   [8]  00`00`D5`9E`00`7C`F0`83
  [1m[34mcan0[0m  181   [8]  00`00`D5`9E`00`7C`F0`83
  [1m[34mcan0[0m  181   [8]  00`00`D8`92`00`7C`F2`D8
  [1m[34mcan0[0m  181   [8]  00`00`D8`92`00`7C`F2`D8
  [1m[34mcan0[0m  181   [8]  00`00`D9`98`00`7C`F2`CD
  [1m[34mcan0[0m  181   [8]  00`00`D9`98`00`7C`F2`CD
  [1m[34mcan0[0m  181   [8]  00`00`D7`8D`00`7C`F2`88
  [1m[34mcan0[0m  181   [8]  00`00`D7`8D`00`7C`F2`88
  [1m[34mcan0[0m  181   [8]  00`00`D7`8D`00`7C`F2`88
  [1m[34mcan0[0m  181   [8]  00`00`D7`FD`00`7C`F0`79
  [1m[34mcan0[0m  181   [8]  00`00`D7`FD`00`7C`F0`79
  [1m[34mcan0[0m  181   [8]  00`00`D8`92`00`7C`F0`A3
  [1m[34mcan0[0m  181   [8]  00`00`D8`92`00`7C`F0`A3
  [1m[34mcan0[0m  181   [8]  00`00`D6`DE`00`7C`F0`C1
  [1m[34mcan0[0m  181   [8]  00`00`D6`DE`00`7C`F0`C1
  [1m[34mcan0[0m  181   [8]  00`00`D8`B8`00`7C`F1`78
  [1m[34mcan0[0m  181   [8]  00`00`D8`B8`00`7C`F1`78
  [1m[34mcan0[0m  181   [8]  00`00`D8`B8`00`7C`F1`78
  [1m[34mcan0[0m  181   [8]  00`00`D7`C3`00`7C`F1`88
  [1m[34mcan0[0m  181   [8]  00`00`D7`C3`00`7C`F1`88
  [1m[34mcan0[0m  181   [8]  00`00`D8`2D`00`7D`65`AC
  [1m[34mcan0[0m  181   [8]  00`00`D8`2D`00`7D`65`AC
  [1m[34mcan0[0m  181   [8]  00`00`D6`4E`00`7D`56`AD
  [1m[34mcan0[0m  181   [8]  00`00`D6`4E`00`7D`56`AD
  [1m[34mcan0[0m  181   [8]  00`00`D6`4E`00`7D`56`AD
  [1m[34mcan0[0m  181   [8]  00`00`D6`9E`00`7D`4E`7C
  [1m[34mcan0[0m  181   [8]  00`00`D6`9E`00`7D`4E`7C
  [1m[34mcan0[0m  181   [8]  00`00`D4`DE`00`7D`40`62
  [1m[34mcan0[0m  181   [8]  00`00`D4`DE`00`7D`40`62
  [1m[34mcan0[0m  181   [8]  00`00`D6`23`00`7D`71`41
  [1m[34mcan0[0m  181   [8]  00`00`D6`23`00`7D`71`41
  [1m[34mcan0[0m  181   [8]  00`00`D7`38`00`7D`C2`6D
  [1m[34mcan0[0m  181   [8]  00`00`D7`38`00`7D`C2`6D
  [1m[34mcan0[0m  181   [8]  00`00`D7`38`00`7D`C2`6D
  [1m[34mcan0[0m  181   [8]  00`00`D6`48`00`7E`13`A4
  [1m[34mcan0[0m  181   [8]  00`00`D6`48`00`7E`13`A4
  [1m[34mcan0[0m  181   [8]  00`00`DA`5D`00`7D`C8`B6
  [1m[34mcan0[0m  181   [8]  00`00`DA`5D`00`7D`C8`B6
  [1m[34mcan0[0m  181   [8]  00`00`D7`D8`00`7D`8D`BF
  [1m[34mcan0[0m  181   [8]  00`00`D7`D8`00`7D`8D`BF
  [1m[34mcan0[0m  181   [8]  00`00`D7`D8`00`7D`8D`BF
  [1m[34mcan0[0m  181   [8]  00`00`D7`0B`00`7D`FF`E3
  [1m[34mcan0[0m  181   [8]  00`00`D7`0B`00`7D`FF`E3
  [1m[34mcan0[0m  181   [8]  00`00`D6`1E`00`7E`3D`CF
  [1m[34mcan0[0m  181   [8]  00`00`D6`1E`00`7E`3D`CF
  [1m[34mcan0[0m  181   [8]  00`00`D6`1E`00`7E`77`A8
  [1m[34mcan0[0m  181   [8]  00`00`D6`1E`00`7E`77`A8
  [1m[34mcan0[0m  181   [8]  00`00`D6`58`00`7E`71`FF
  [1m[34mcan0[0m  181   [8]  00`00`D6`58`00`7E`71`FF
  [1m[34mcan0[0m  181   [8]  00`00`D6`58`00`7E`71`FF
  [1m[34mcan0[0m  181   [8]  00`00`D7`C3`00`7E`08`3F
  [1m[34mcan0[0m  181   [8]  00`00`D7`C3`00`7E`08`3F
  [1m[34mcan0[0m  181   [8]  00`00`D6`9E`00`7D`C2`12
  [1m[34mcan0[0m  181   [8]  00`00`D6`9E`00`7D`C2`12
  [1m[34mcan0[0m  181   [8]  00`00`DA`02`00`7D`BB`CC
  [1m[34mcan0[0m  181   [8]  00`00`DA`02`00`7D`BB`CC
  [1m[34mcan0[0m  181   [8]  00`00`DA`02`00`7D`BB`CC
  [1m[34mcan0[0m  181   [8]  00`00`D7`E0`00`7D`DD`34
  [1m[34mcan0[0m  181   [8]  00`00`D7`E0`00`7D`DD`34
  [1m[34mcan0[0m  181   [8]  00`00`D7`AD`00`7D`C2`A0
  [1m[34mcan0[0m  181   [8]  00`00`D7`AD`00`7D`C2`A0
  [1m[34mcan0[0m  181   [8]  00`00`D7`60`00`7E`1E`84
  [1m[34mcan0[0m  181   [8]  00`00`D7`60`00`7E`1E`84
  [1m[34mcan0[0m  181   [8]  00`00`D7`63`00`7E`96`14
  [1m[34mcan0[0m  181   [8]  00`00`D7`63`00`7E`96`14
  [1m[34mcan0[0m  181   [8]  00`00`D7`63`00`7E`96`14
  [1m[34mcan0[0m  181   [8]  00`00`D6`2B`00`7E`F1`13
  [1m[34mcan0[0m  181   [8]  00`00`D6`2B`00`7E`F1`13
  [1m[34mcan0[0m  181   [8]  00`00`D7`2D`00`7E`B5`A7
  [1m[34mcan0[0m  181   [8]  00`00`D7`2D`00`7E`B5`A7
  [1m[34mcan0[0m  181   [8]  00`00`D8`ED`00`7E`B7`9E
  [1m[34mcan0[0m  181   [8]  00`00`D8`ED`00`7E`B7`9E
  [1m[34mcan0[0m  181   [8]  00`00`D8`ED`00`7E`B7`9E
  [1m[34mcan0[0m  181   [8]  00`00`D7`F3`00`7E`C2`53
  [1m[34mcan0[0m  181   [8]  00`00`D7`F3`00`7E`C2`53
  [1m[34mcan0[0m  181   [8]  00`00`D6`88`00`7E`D7`34
  [1m[34mcan0[0m  181   [8]  00`00`D6`88`00`7E`D7`34
  [1m[34mcan0[0m  181   [8]  00`00`D7`38`00`7E`D9`CB
  [1m[34mcan0[0m  181   [8]  00`00`D7`38`00`7E`D9`CB
  [1m[34mcan0[0m  181   [8]  00`00`D7`AD`00`7E`CF`4E
  [1m[34mcan0[0m  181   [8]  00`00`D7`AD`00`7E`CF`4E
  [1m[34mcan0[0m  181   [8]  00`00`D7`AD`00`7E`CF`4E
  [1m[34mcan0[0m  181   [8]  00`00`D8`73`00`7E`CF`AB
  [1m[34mcan0[0m  181   [8]  00`00`D8`73`00`7E`CF`AB
  [1m[34mcan0[0m  181   [8]  00`00`D7`58`00`7E`D0`88
  [1m[34mcan0[0m  181   [8]  00`00`D7`58`00`7E`D0`88
  [1m[34mcan0[0m  181   [8]  00`00`D7`C3`00`7E`D1`F8
  [1m[34mcan0[0m  181   [8]  00`00`D7`C3`00`7E`D1`F8
  [1m[34mcan0[0m  181   [8]  00`00`D7`C3`00`7E`D1`F8
  [1m[34mcan0[0m  181   [8]  00`00`D8`F8`00`7E`D0`65
  [1m[34mcan0[0m  181   [8]  00`00`D8`F8`00`7E`D0`65
  [1m[34mcan0[0m  181   [8]  00`00`D8`98`00`7E`C9`FC
  [1m[34mcan0[0m  181   [8]  00`00`D8`98`00`7E`C9`FC
  [1m[34mcan0[0m  181   [8]  00`00`D8`13`00`7E`C8`0F
  [1m[34mcan0[0m  181   [8]  00`00`D8`13`00`7E`C8`0F
  [1m[34mcan0[0m  181   [8]  00`00`D8`53`00`7E`C8`BA
  [1m[34mcan0[0m  181   [8]  00`00`D8`53`00`7E`C8`BA
  [1m[34mcan0[0m  181   [8]  00`00`D8`53`00`7E`C8`BA
  [1m[34mcan0[0m  181   [8]  00`00`D7`D8`00`7E`C8`D2
  [1m[34mcan0[0m  181   [8]  00`00`D7`D8`00`7E`C8`D2
  [1m[34mcan0[0m  181   [8]  00`00`D7`F3`00`7E`C9`F2
  [1m[34mcan0[0m  181   [8]  00`00`D7`F3`00`7E`C9`F2
  [1m[34mcan0[0m  181   [8]  00`00`D6`A8`00`7E`C9`9A
  [1m[34mcan0[0m  181   [8]  00`00`D6`A8`00`7E`C9`9A
  [1m[34mcan0[0m  181   [8]  00`00`D6`A8`00`7E`C9`9A
  [1m[34mcan0[0m  181   [8]  00`00`D6`5E`00`7E`CB`49
  [1m[34mcan0[0m  181   [8]  00`00`D6`5E`00`7E`CB`49
  [1m[34mcan0[0m  181   [8]  00`00`D8`4D`00`7E`CB`17
  [1m[34mcan0[0m  181   [8]  00`00`D8`4D`00`7E`CB`17
  [1m[34mcan0[0m  181   [8]  00`00`D7`F8`00`7E`CB`C9
  [1m[34mcan0[0m  181   [8]  00`00`D7`F8`00`7E`CB`C9
  [1m[34mcan0[0m  181   [8]  00`00`D8`8D`00`7E`1A`ED
  [1m[34mcan0[0m  181   [8]  00`00`D8`8D`00`7E`1A`ED
  [1m[34mcan0[0m  181   [8]  00`00`D8`8D`00`7E`1A`ED
  [1m[34mcan0[0m  181   [8]  00`00`D8`2D`00`7D`CE`5F
  [1m[34mcan0[0m  181   [8]  00`00`D8`2D`00`7D`CE`5F
  [1m[34mcan0[0m  181   [8]  00`00`D5`F3`00`7D`9C`89
  [1m[34mcan0[0m  181   [8]  00`00`D5`F3`00`7D`9C`89
  [1m[34mcan0[0m  181   [8]  00`00`D7`1E`00`7D`A4`92
  [1m[34mcan0[0m  181   [8]  00`00`D7`1E`00`7D`A4`92
  [1m[34mcan0[0m  181   [8]  00`00`D7`1E`00`7D`A4`92
  [1m[34mcan0[0m  181   [8]  00`00`D5`F3`00`7D`BA`3A
  [1m[34mcan0[0m  181   [8]  00`00`D5`F3`00`7D`BA`3A
  [1m[34mcan0[0m  181   [8]  00`00`D7`6B`00`7D`B2`F6
  [1m[34mcan0[0m  181   [8]  00`00`D7`6B`00`7D`B2`F6
  [1m[34mcan0[0m  181   [8]  00`00`D6`C3`00`7D`F5`EE
  [1m[34mcan0[0m  181   [8]  00`00`D6`C3`00`7D`F5`EE
  [1m[34mcan0[0m  181   [8]  00`00`D6`C3`00`7D`F5`EE
  [1m[34mcan0[0m  181   [8]  00`00`D9`68`00`7E`0A`7E
  [1m[34mcan0[0m  181   [8]  00`00`D9`68`00`7E`0A`7E
  [1m[34mcan0[0m  181   [8]  00`00`D8`5D`00`7D`D5`A0
  [1m[34mcan0[0m  181   [8]  00`00`D8`5D`00`7D`D5`A0
  [1m[34mcan0[0m  181   [8]  00`00`D7`0E`00`7D`8D`25
  [1m[34mcan0[0m  181   [8]  00`00`D7`0E`00`7D`8D`25
  [1m[34mcan0[0m  181   [8]  00`00`D6`E8`00`7D`66`56
  [1m[34mcan0[0m  181   [8]  00`00`D6`E8`00`7D`66`56
  [1m[34mcan0[0m  181   [8]  00`00`D6`E8`00`7D`66`56
  [1m[34mcan0[0m  181   [8]  00`00`D9`9D`00`7D`01`6C
  [1m[34mcan0[0m  181   [8]  00`00`D9`9D`00`7D`01`6C
  [1m[34mcan0[0m  181   [8]  00`00`D8`43`00`7C`DC`1E
  [1m[34mcan0[0m  181   [8]  00`00`D8`43`00`7C`DC`1E
  [1m[34mcan0[0m  181   [8]  00`00`D6`8E`00`7C`C7`F8
  [1m[34mcan0[0m  181   [8]  00`00`D6`8E`00`7C`C7`F8
  [1m[34mcan0[0m  181   [8]  00`00`D6`8E`00`7C`C7`F8
  [1m[34mcan0[0m  181   [8]  00`00`D7`98`00`7C`BD`D2
  [1m[34mcan0[0m  181   [8]  00`00`D7`98`00`7C`BD`D2
  [1m[34mcan0[0m  181   [8]  00`00`D7`13`00`7C`9B`46
  [1m[34mcan0[0m  181   [8]  00`00`D7`13`00`7C`9B`46
  [1m[34mcan0[0m  181   [8]  00`00`D6`A8`00`7C`BE`FD
  [1m[34mcan0[0m  181   [8]  00`00`D6`A8`00`7C`BE`FD
  [1m[34mcan0[0m  181   [8]  00`00`D9`72`00`7D`26`9B
  [1m[34mcan0[0m  181   [8]  00`00`D9`72`00`7D`26`9B
  [1m[34mcan0[0m  181   [8]  00`00`D9`72`00`7D`26`9B
  [1m[34mcan0[0m  181   [8]  00`00`D9`3D`00`7D`46`83
  [1m[34mcan0[0m  181   [8]  00`00`D9`3D`00`7D`46`83
  [1m[34mcan0[0m  181   [8]  00`00`D6`E3`00`7D`4A`2B
  [1m[34mcan0[0m  181   [8]  00`00`D6`E3`00`7D`4A`2B
  [1m[34mcan0[0m  181   [8]  00`00`D9`7D`00`7D`32`16
  [1m[34mcan0[0m  181   [8]  00`00`D9`7D`00`7D`32`16
  [1m[34mcan0[0m  181   [8]  00`00`D9`7D`00`7D`32`16
  [1m[34mcan0[0m  181   [8]  00`00`D9`D8`00`7D`2D`94
  [1m[34mcan0[0m  181   [8]  00`00`D9`D8`00`7D`2D`94
  [1m[34mcan0[0m  181   [8]  00`00`D5`69`00`7D`2C`5D
  [1m[34mcan0[0m  181   [8]  00`00`D5`69`00`7D`2C`5D
  [1m[34mcan0[0m  181   [8]  00`00`D9`4D`00`7D`2F`EE
  [1m[34mcan0[0m  181   [8]  00`00`D9`4D`00`7D`2F`EE
  [1m[34mcan0[0m  181   [8]  00`00`D7`55`00`7D`2D`AA
  [1m[34mcan0[0m  181   [8]  00`00`D7`55`00`7D`2D`AA
  [1m[34mcan0[0m  181   [8]  00`00`D7`55`00`7D`2D`AA
  [1m[34mcan0[0m  181   [8]  00`00`D8`7D`00`7D`1F`C0
  [1m[34mcan0[0m  181   [8]  00`00`D8`7D`00`7D`1F`C0
  [1m[34mcan0[0m  181   [8]  00`00`D8`C8`00`7D`19`D6
  [1m[34mcan0[0m  181   [8]  00`00`D8`C8`00`7D`19`D6
  [1m[34mcan0[0m  181   [8]  00`00`D7`53`00`7D`1B`CB
  [1m[34mcan0[0m  181   [8]  00`00`D7`53`00`7D`1B`CB
  [1m[34mcan0[0m  181   [8]  00`00`D7`53`00`7D`1B`CB
  [1m[34mcan0[0m  181   [8]  00`00`D5`D8`00`7D`1C`5E
  [1m[34mcan0[0m  181   [8]  00`00`D5`D8`00`7D`1C`5E
  [1m[34mcan0[0m  181   [8]  00`00`D9`68`00`7D`21`1A
  [1m[34mcan0[0m  181   [8]  00`00`D9`68`00`7D`21`1A
  [1m[34mcan0[0m  181   [8]  00`00`D6`7B`00`7D`1E`1B
  [1m[34mcan0[0m  181   [8]  00`00`D6`7B`00`7D`1E`1B
  [1m[34mcan0[0m  181   [8]  00`00`D5`93`00`7D`1D`96
  [1m[34mcan0[0m  181   [8]  00`00`D5`93`00`7D`1D`96
  [1m[34mcan0[0m  181   [8]  00`00`D5`93`00`7D`1D`96
  [1m[34mcan0[0m  181   [8]  00`00`D6`B6`00`7D`21`5A
  [1m[34mcan0[0m  181   [8]  00`00`D6`B6`00`7D`21`5A
  [1m[34mcan0[0m  181   [8]  00`00`D6`EE`00`7D`1F`92
  [1m[34mcan0[0m  181   [8]  00`00`D6`EE`00`7D`1F`92
  [1m[34mcan0[0m  181   [8]  00`00`D9`58`00`7D`21`BD
  [1m[34mcan0[0m  181   [8]  00`00`D9`58`00`7D`21`BD
  [1m[34mcan0[0m  181   [8]  00`00`D9`58`00`7D`21`BD
  [1m[34mcan0[0m  181   [8]  00`00`D4`9E`00`7D`20`77
  [1m[34mcan0[0m  181   [8]  00`00`D4`9E`00`7D`20`77
  [1m[34mcan0[0m  181   [8]  00`00`D8`ED`00`7D`1F`65
  [1m[34mcan0[0m  181   [8]  00`00`D8`ED`00`7D`1F`65
  [1m[34mcan0[0m  181   [8]  00`00`D6`C3`00`7D`1F`6D
  [1m[34mcan0[0m  181   [8]  00`00`D6`C3`00`7D`1F`6D
  [1m[34mcan0[0m  181   [8]  00`00`D7`A3`00`7D`1E`B5
  [1m[34mcan0[0m  181   [8]  00`00`D7`A3`00`7D`1E`B5
  [1m[34mcan0[0m  181   [8]  00`00`D7`A3`00`7D`1E`B5
  [1m[34mcan0[0m  181   [8]  00`00`D7`18`00`7D`20`DD
  [1m[34mcan0[0m  181   [8]  00`00`D7`18`00`7D`20`DD
  [1m[34mcan0[0m  181   [8]  00`00`D8`6D`00`7D`A6`09
  [1m[34mcan0[0m  181   [8]  00`00`D8`6D`00`7D`A6`09
  [1m[34mcan0[0m  181   [8]  00`00`D5`36`00`7D`83`92
  [1m[34mcan0[0m  181   [8]  00`00`D5`36`00`7D`83`92
  [1m[34mcan0[0m  181   [8]  00`00`D5`36`00`7D`83`92
  [1m[34mcan0[0m  181   [8]  00`00`D7`EB`00`7D`5A`7F
  [1m[34mcan0[0m  181   [8]  00`00`D7`EB`00`7D`5A`7F
  [1m[34mcan0[0m  181   [8]  00`00`D6`EE`00`7D`22`67
  [1m[34mcan0[0m  181   [8]  00`00`D6`EE`00`7D`22`67
  [1m[34mcan0[0m  181   [8]  00`00`D6`6E`00`7D`55`52
  [1m[34mcan0[0m  181   [8]  00`00`D6`6E`00`7D`55`52
  [1m[34mcan0[0m  181   [8]  00`00`D9`2D`00`7D`7F`65
  [1m[34mcan0[0m  181   [8]  00`00`D9`2D`00`7D`7F`65
  [1m[34mcan0[0m  181   [8]  00`00`D9`2D`00`7D`7F`65
  [1m[34mcan0[0m  181   [8]  00`00`D9`3D`00`7D`C3`00
  [1m[34mcan0[0m  181   [8]  00`00`D9`3D`00`7D`C3`00
  [1m[34mcan0[0m  181   [8]  00`00`D9`02`00`7D`D4`23
  [1m[34mcan0[0m  181   [8]  00`00`D9`02`00`7D`D4`23
  [1m[34mcan0[0m  181   [8]  00`00`D9`32`00`7D`B8`5A
  [1m[34mcan0[0m  181   [8]  00`00`D9`32`00`7D`B8`5A
  [1m[34mcan0[0m  181   [8]  00`00`D9`32`00`7D`B8`5A
  [1m[34mcan0[0m  181   [8]  00`00`D8`A2`00`7D`AD`C5
  [1m[34mcan0[0m  181   [8]  00`00`D8`A2`00`7D`AD`C5
  [1m[34mcan0[0m  181   [8]  00`00`D7`75`00`7E`34`BC
  [1m[34mcan0[0m  181   [8]  00`00`D7`75`00`7E`34`BC
  [1m[34mcan0[0m  181   [8]  00`00`D7`95`00`7E`91`BA
  [1m[34mcan0[0m  181   [8]  00`00`D7`95`00`7E`91`BA
  [1m[34mcan0[0m  181   [8]  00`00`D7`68`00`7E`80`9C
  [1m[34mcan0[0m  181   [8]  00`00`D7`68`00`7E`80`9C
  [1m[34mcan0[0m  181   [8]  00`00`D7`68`00`7E`80`9C
  [1m[34mcan0[0m  181   [8]  00`00`D7`F3`00`7E`64`08
  [1m[34mcan0[0m  181   [8]  00`00`D7`F3`00`7E`64`08
  [1m[34mcan0[0m  181   [8]  00`00`D7`ED`00`7D`EF`9A
  [1m[34mcan0[0m  181   [8]  00`00`D7`ED`00`7D`EF`9A
  [1m[34mcan0[0m  181   [8]  00`00`D7`A3`00`7D`D4`89
  [1m[34mcan0[0m  181   [8]  00`00`D7`A3`00`7D`D4`89
  [1m[34mcan0[0m  181   [8]  00`00`D7`A3`00`7D`D4`89
  [1m[34mcan0[0m  181   [8]  00`00`D7`75`00`7D`D3`DB
  [1m[34mcan0[0m  181   [8]  00`00`D7`75`00`7D`D3`DB
  [1m[34mcan0[0m  181   [8]  00`00`D6`B3`00`7D`C3`D7
  [1m[34mcan0[0m  181   [8]  00`00`D6`B3`00`7D`C3`D7
  [1m[34mcan0[0m  181   [8]  00`00`D8`88`00`7D`BF`80
  [1m[34mcan0[0m  181   [8]  00`00`D8`88`00`7D`BF`80
  [1m[34mcan0[0m  181   [8]  00`00`D7`D3`00`7E`25`27
  [1m[34mcan0[0m  181   [8]  00`00`D7`D3`00`7E`25`27
  [1m[34mcan0[0m  181   [8]  00`00`D7`D3`00`7E`25`27
  [1m[34mcan0[0m  181   [8]  00`00`D9`42`00`7E`A4`63
  [1m[34mcan0[0m  181   [8]  00`00`D9`42`00`7E`A4`63
  [1m[34mcan0[0m  181   [8]  00`00`D7`53`00`7E`8B`74
  [1m[34mcan0[0m  181   [8]  00`00`D7`53`00`7E`8B`74
  [1m[34mcan0[0m  181   [8]  00`00`D8`33`00`7E`8C`E1
  [1m[34mcan0[0m  181   [8]  00`00`D8`33`00`7E`8C`E1
  [1m[34mcan0[0m  181   [8]  00`00`D8`33`00`7E`8C`E1
  [1m[34mcan0[0m  181   [8]  00`00`D6`4E`00`7E`96`B6
  [1m[34mcan0[0m  181   [8]  00`00`D6`4E`00`7E`96`B6
  [1m[34mcan0[0m  181   [8]  00`00`D8`28`00`7E`A9`BC
  [1m[34mcan0[0m  181   [8]  00`00`D8`28`00`7E`A9`BC
  [1m[34mcan0[0m  181   [8]  00`00`D6`D3`00`7E`AB`C1
  [1m[34mcan0[0m  181   [8]  00`00`D6`D3`00`7E`AB`C1
  [1m[34mcan0[0m  181   [8]  00`00`D6`B3`00`7E`A2`2E
  [1m[34mcan0[0m  181   [8]  00`00`D6`B3`00`7E`A2`2E
  [1m[34mcan0[0m  181   [8]  00`00`D6`B3`00`7E`A2`2E
  [1m[34mcan0[0m  181   [8]  00`00`D7`ED`00`7E`A1`54
  [1m[34mcan0[0m  181   [8]  00`00`D7`ED`00`7E`A1`54
  [1m[34mcan0[0m  181   [8]  00`00`D7`ED`00`7E`A0`94
  [1m[34mcan0[0m  181   [8]  00`00`D7`ED`00`7E`A0`94
  [1m[34mcan0[0m  181   [8]  00`00`D6`78`00`7E`A3`88
  [1m[34mcan0[0m  181   [8]  00`00`D6`78`00`7E`A3`88
  [1m[34mcan0[0m  181   [8]  00`00`D6`78`00`7E`A3`88
  [1m[34mcan0[0m  181   [8]  00`00`D6`AE`00`7E`A0`B6
  [1m[34mcan0[0m  181   [8]  00`00`D6`AE`00`7E`A0`B6
  [1m[34mcan0[0m  181   [8]  00`00`D8`BD`00`7E`9D`74
  [1m[34mcan0[0m  181   [8]  00`00`D8`BD`00`7E`9D`74
  [1m[34mcan0[0m  181   [8]  00`00`D7`C3`00`7E`9F`54
  [1m[34mcan0[0m  181   [8]  00`00`D7`C3`00`7E`9F`54
  [1m[34mcan0[0m  181   [8]  00`00`D7`13`00`7E`9E`D1
  [1m[34mcan0[0m  181   [8]  00`00`D7`13`00`7E`9E`D1
  [1m[34mcan0[0m  181   [8]  00`00`D7`13`00`7E`9E`D1
  [1m[34mcan0[0m  181   [8]  00`00`D7`63`00`7E`A0`6C
  [1m[34mcan0[0m  181   [8]  00`00`D7`63`00`7E`A0`6C
  [1m[34mcan0[0m  181   [8]  00`00`D6`E3`00`7E`A0`4C
  [1m[34mcan0[0m  181   [8]  00`00`D6`E3`00`7E`A0`4C
  [1m[34mcan0[0m  181   [8]  00`00`D7`CD`00`7E`A1`24
  [1m[34mcan0[0m  181   [8]  00`00`D7`CD`00`7E`A1`24
  [1m[34mcan0[0m  181   [8]  00`00`D7`CD`00`7E`A1`24
  [1m[34mcan0[0m  181   [8]  00`00`D7`18`00`7E`A0`56
  [1m[34mcan0[0m  181   [8]  00`00`D7`18`00`7E`A0`56
  [1m[34mcan0[0m  181   [8]  00`00`D6`D3`00`7E`9E`9F
  [1m[34mcan0[0m  181   [8]  00`00`D6`D3`00`7E`9E`9F
  [1m[34mcan0[0m  181   [8]  00`00`D9`22`00`7E`A0`BE
  [1m[34mcan0[0m  181   [8]  00`00`D9`22`00`7E`A0`BE
  [1m[34mcan0[0m  181   [8]  00`00`D9`22`00`7E`A0`BE
  [1m[34mcan0[0m  181   [8]  00`00`D7`E8`00`7D`E3`42
  [1m[34mcan0[0m  181   [8]  00`00`D7`E8`00`7D`E3`42
  [1m[34mcan0[0m  181   [8]  00`00`D7`63`00`7D`74`58
  [1m[34mcan0[0m  181   [8]  00`00`D7`63`00`7D`74`58
  [1m[34mcan0[0m  181   [8]  00`00`D7`38`00`7D`9E`71
  [1m[34mcan0[0m  181   [8]  00`00`D7`38`00`7D`9E`71
  [1m[34mcan0[0m  181   [8]  00`00`D6`58`00`7D`F1`D4
  [1m[34mcan0[0m  181   [8]  00`00`D6`58`00`7D`F1`D4
  [1m[34mcan0[0m  181   [8]  00`00`D6`58`00`7D`F1`D4
  [1m[34mcan0[0m  181   [8]  00`00`D6`B8`00`7E`0F`0A
  [1m[34mcan0[0m  181   [8]  00`00`D6`B8`00`7E`0F`0A
  [1m[34mcan0[0m  181   [8]  00`00`D8`03`00`7D`E7`07
  [1m[34mcan0[0m  181   [8]  00`00`D8`03`00`7D`E7`07
  [1m[34mcan0[0m  181   [8]  00`00`D7`C8`00`7D`AE`0D
  [1m[34mcan0[0m  181   [8]  00`00`D7`C8`00`7D`AE`0D
  [1m[34mcan0[0m  181   [8]  00`00`D7`C8`00`7D`AE`0D
  [1m[34mcan0[0m  181   [8]  00`00`D7`D3`00`7D`AE`17
  [1m[34mcan0[0m  181   [8]  00`00`D7`D3`00`7D`AE`17
  [1m[34mcan0[0m  181   [8]  00`00`D7`A3`00`7D`E8`89
  [1m[34mcan0[0m  181   [8]  00`00`D7`A3`00`7D`E8`89
  [1m[34mcan0[0m  181   [8]  00`00`D7`BD`00`7D`6F`F7
  [1m[34mcan0[0m  181   [8]  00`00`D7`BD`00`7D`6F`F7
  [1m[34mcan0[0m  181   [8]  00`00`D6`F8`00`7D`1E`4D
  [1m[34mcan0[0m  181   [8]  00`00`D6`F8`00`7D`1E`4D
  [1m[34mcan0[0m  181   [8]  00`00`D6`F8`00`7D`1E`4D
  [1m[34mcan0[0m  181   [8]  00`00`D7`3D`00`7C`D0`80
  [1m[34mcan0[0m  181   [8]  00`00`D7`3D`00`7C`D0`80
  [1m[34mcan0[0m  181   [8]  00`00`D6`88`00`7C`CE`19
  [1m[34mcan0[0m  181   [8]  00`00`D6`88`00`7C`CE`19
  [1m[34mcan0[0m  181   [8]  00`00`D6`F3`00`7C`B4`ED
  [1m[34mcan0[0m  181   [8]  00`00`D6`F3`00`7C`B4`ED
  [1m[34mcan0[0m  181   [8]  00`00`D4`F9`00`7C`C5`16
  [1m[34mcan0[0m  181   [8]  00`00`D4`F9`00`7C`C5`16
  [1m[34mcan0[0m  181   [8]  00`00`D4`F9`00`7C`C5`16
  [1m[34mcan0[0m  181   [8]  00`00`D7`F8`00`7C`D9`3E
  [1m[34mcan0[0m  181   [8]  00`00`D7`F8`00`7C`D9`3E
  [1m[34mcan0[0m  181   [8]  00`00`D8`C8`00`7C`F9`19
  [1m[34mcan0[0m  181   [8]  00`00`D8`C8`00`7C`F9`19
  [1m[34mcan0[0m  181   [8]  00`00`D7`13`00`7D`50`7E
  [1m[34mcan0[0m  181   [8]  00`00`D7`13`00`7D`50`7E
  [1m[34mcan0[0m  181   [8]  00`00`D7`13`00`7D`50`7E
  [1m[34mcan0[0m  181   [8]  00`00`D7`13`00`7D`58`CF
  [1m[34mcan0[0m  181   [8]  00`00`D7`13`00`7D`58`CF
  [1m[34mcan0[0m  181   [8]  00`00`D8`8D`00`7D`55`E8
  [1m[34mcan0[0m  181   [8]  00`00`D8`8D`00`7D`55`E8
  [1m[34mcan0[0m  181   [8]  00`00`D7`A8`00`7D`3B`A6
  [1m[34mcan0[0m  181   [8]  00`00`D7`A8`00`7D`3B`A6
  [1m[34mcan0[0m  181   [8]  00`00`D7`A8`00`7D`3B`A6
  [1m[34mcan0[0m  181   [8]  00`00`D6`AE`00`7D`3A`1F
  [1m[34mcan0[0m  181   [8]  00`00`D6`AE`00`7D`3A`1F
  [1m[34mcan0[0m  181   [8]  00`00`D7`4D`00`7D`3C`81
  [1m[34mcan0[0m  181   [8]  00`00`D7`4D`00`7D`3C`81
  [1m[34mcan0[0m  181   [8]  00`00`D6`88`00`7D`3C`A9
  [1m[34mcan0[0m  181   [8]  00`00`D6`88`00`7D`3C`A9
  [1m[34mcan0[0m  181   [8]  00`00`D7`48`00`7D`31`09
  [1m[34mcan0[0m  181   [8]  00`00`D7`48`00`7D`31`09
  [1m[34mcan0[0m  181   [8]  00`00`D7`48`00`7D`31`09
  [1m[34mcan0[0m  181   [8]  00`00`D7`23`00`7D`29`4D
  [1m[34mcan0[0m  181   [8]  00`00`D7`23`00`7D`29`4D
  [1m[34mcan0[0m  181   [8]  00`00`D7`CD`00`7D`23`29
  [1m[34mcan0[0m  181   [8]  00`00`D7`CD`00`7D`23`29
  [1m[34mcan0[0m  181   [8]  00`00`D8`60`00`7D`24`F4
  [1m[34mcan0[0m  181   [8]  00`00`D8`60`00`7D`24`F4
  [1m[34mcan0[0m  181   [8]  00`00`D8`60`00`7D`24`F4
  [1m[34mcan0[0m  181   [8]  00`00`D8`43`00`7D`27`E0
  [1m[34mcan0[0m  181   [8]  00`00`D8`43`00`7D`27`E0
  [1m[34mcan0[0m  181   [8]  00`00`D7`78`00`7D`28`4B
  [1m[34mcan0[0m  181   [8]  00`00`D7`78`00`7D`28`4B
  [1m[34mcan0[0m  181   [8]  00`00`D7`DD`00`7D`29`7D
  [1m[34mcan0[0m  181   [8]  00`00`D7`DD`00`7D`29`7D
  [1m[34mcan0[0m  181   [8]  00`00`D6`78`00`7D`2A`9A
  [1m[34mcan0[0m  181   [8]  00`00`D6`78`00`7D`2A`9A
  [1m[34mcan0[0m  181   [8]  00`00`D6`78`00`7D`2A`9A
  [1m[34mcan0[0m  181   [8]  00`00`D6`F8`00`7D`2A`5D
  [1m[34mcan0[0m  181   [8]  00`00`D6`F8`00`7D`2A`5D
  [1m[34mcan0[0m  181   [8]  00`00`D6`EE`00`7D`2B`52
  [1m[34mcan0[0m  181   [8]  00`00`D6`EE`00`7D`2B`52
  [1m[34mcan0[0m  181   [8]  00`00`D6`8E`00`7D`29`83
  [1m[34mcan0[0m  181   [8]  00`00`D6`8E`00`7D`29`83
  [1m[34mcan0[0m  181   [8]  00`00`D6`8E`00`7D`29`83
  [1m[34mcan0[0m  181   [8]  00`00`D7`23`00`7D`29`23
  [1m[34mcan0[0m  181   [8]  00`00`D7`23`00`7D`29`23
  [1m[34mcan0[0m  181   [8]  00`00`D7`FD`00`7D`29`A3
  [1m[34mcan0[0m  181   [8]  00`00`D7`FD`00`7D`29`A3
  [1m[34mcan0[0m  181   [8]  00`00`D7`AB`00`7D`27`F8
  [1m[34mcan0[0m  181   [8]  00`00`D7`AB`00`7D`27`F8
  [1m[34mcan0[0m  181   [8]  00`00`D8`B8`00`7D`28`1B
  [1m[34mcan0[0m  181   [8]  00`00`D8`B8`00`7D`28`1B
  [1m[34mcan0[0m  181   [8]  00`00`D8`B8`00`7D`28`1B
  [1m[34mcan0[0m  181   [8]  00`00`D7`33`00`7D`29`1B
  [1m[34mcan0[0m  181   [8]  00`00`D7`33`00`7D`29`1B
  [1m[34mcan0[0m  181   [8]  00`00`D5`8E`00`7D`D0`F1
  [1m[34mcan0[0m  181   [8]  00`00`D5`8E`00`7D`D0`F1
  [1m[34mcan0[0m  181   [8]  00`00`D6`5E`00`7D`B4`BB
  [1m[34mcan0[0m  181   [8]  00`00`D6`5E`00`7D`B4`BB
  [1m[34mcan0[0m  181   [8]  00`00`D6`5E`00`7D`B4`BB
  [1m[34mcan0[0m  181   [8]  00`00`D6`18`00`7D`67`41
  [1m[34mcan0[0m  181   [8]  00`00`D6`18`00`7D`67`41
  [1m[34mcan0[0m  181   [8]  00`00`D9`72`00`7D`2F`74
  [1m[34mcan0[0m  181   [8]  00`00`D9`72`00`7D`2F`74
  [1m[34mcan0[0m  181   [8]  00`00`D5`E3`00`7D`5F`D3
  [1m[34mcan0[0m  181   [8]  00`00`D5`E3`00`7D`5F`D3
  [1m[34mcan0[0m  181   [8]  00`00`D7`7D`00`7D`77`E5
  [1m[34mcan0[0m  181   [8]  00`00`D7`7D`00`7D`77`E5
  [1m[34mcan0[0m  181   [8]  00`00`D7`7D`00`7D`77`E5
  [1m[34mcan0[0m  181   [8]  00`00`D7`68`00`7D`95`ED
  [1m[34mcan0[0m  181   [8]  00`00`D7`68`00`7D`95`ED
  [1m[34mcan0[0m  181   [8]  00`00`D6`5E`00`7D`AE`7A
  [1m[34mcan0[0m  181   [8]  00`00`D6`5E`00`7D`AE`7A
  [1m[34mcan0[0m  181   [8]  00`00`D5`B9`00`7D`E6`64
  [1m[34mcan0[0m  181   [8]  00`00`D5`B9`00`7D`E6`64
  [1m[34mcan0[0m  181   [8]  00`00`D5`B9`00`7D`E6`64
  [1m[34mcan0[0m  181   [8]  00`00`D6`F8`00`7D`F2`2F
  [1m[34mcan0[0m  181   [8]  00`00`D6`F8`00`7D`F2`2F
  [1m[34mcan0[0m  181   [8]  00`00`D8`83`00`7E`0D`A0
  [1m[34mcan0[0m  181   [8]  00`00`D8`83`00`7E`0D`A0
  [1m[34mcan0[0m  181   [8]  00`00`D6`FE`00`7E`96`E3
  [1m[34mcan0[0m  181   [8]  00`00`D6`FE`00`7E`96`E3
  [1m[34mcan0[0m  181   [8]  00`00`D6`FE`00`7E`96`E3
  [1m[34mcan0[0m  181   [8]  00`00`D8`78`00`7E`77`3E
  [1m[34mcan0[0m  181   [8]  00`00`D8`78`00`7E`77`3E
  [1m[34mcan0[0m  181   [8]  00`00`D8`7D`00`7E`61`A6
  [1m[34mcan0[0m  181   [8]  00`00`D8`7D`00`7E`61`A6
  [1m[34mcan0[0m  181   [8]  00`00`D6`A3`00`7E`4C`D8
  [1m[34mcan0[0m  181   [8]  00`00`D6`A3`00`7E`4C`D8
  [1m[34mcan0[0m  181   [8]  00`00`D7`4D`00`7E`0E`7A
  [1m[34mcan0[0m  181   [8]  00`00`D7`4D`00`7E`0E`7A
  [1m[34mcan0[0m  181   [8]  00`00`D7`4D`00`7E`0E`7A
  [1m[34mcan0[0m  181   [8]  00`00`D5`F6`00`7D`E2`6A
  [1m[34mcan0[0m  181   [8]  00`00`D5`F6`00`7D`E2`6A
  [1m[34mcan0[0m  181   [8]  00`00`D7`23`00`7D`C3`4F
  [1m[34mcan0[0m  181   [8]  00`00`D7`23`00`7D`C3`4F
  [1m[34mcan0[0m  181   [8]  00`00`D7`98`00`7D`B3`CE
  [1m[34mcan0[0m  181   [8]  00`00`D7`98`00`7D`B3`CE
  [1m[34mcan0[0m  181   [8]  00`00`D8`F8`00`7D`E1`13
  [1m[34mcan0[0m  181   [8]  00`00`D8`F8`00`7D`E1`13
  [1m[34mcan0[0m  181   [8]  00`00`D8`F8`00`7D`E1`13
  [1m[34mcan0[0m  181   [8]  00`00`D8`58`00`7E`3C`7C
  [1m[34mcan0[0m  181   [8]  00`00`D8`58`00`7E`3C`7C
  [1m[34mcan0[0m  181   [8]  00`00`D6`6E`00`7E`46`62
  [1m[34mcan0[0m  181   [8]  00`00`D6`6E`00`7E`46`62
  [1m[34mcan0[0m  181   [8]  00`00`D7`58`00`7E`48`D7
  [1m[34mcan0[0m  181   [8]  00`00`D7`58`00`7E`48`D7
  [1m[34mcan0[0m  181   [8]  00`00`D7`58`00`7E`48`D7
  [1m[34mcan0[0m  181   [8]  00`00`D8`92`00`7E`56`2E
  [1m[34mcan0[0m  181   [8]  00`00`D8`92`00`7E`56`2E
  [1m[34mcan0[0m  181   [8]  00`00`D9`82`00`7E`5D`E1
  [1m[34mcan0[0m  181   [8]  00`00`D9`82`00`7E`5D`E1
  [1m[34mcan0[0m  181   [8]  00`00`D7`98`00`7E`65`52
  [1m[34mcan0[0m  181   [8]  00`00`D7`98`00`7E`65`52
  [1m[34mcan0[0m  181   [8]  00`00`D7`03`00`7E`51`1A
  [1m[34mcan0[0m  181   [8]  00`00`D7`03`00`7E`51`1A
  [1m[34mcan0[0m  181   [8]  00`00`D7`03`00`7E`51`1A
  [1m[34mcan0[0m  181   [8]  00`00`D8`C2`00`7E`4C`58
  [1m[34mcan0[0m  181   [8]  00`00`D8`C2`00`7E`4C`58
  [1m[34mcan0[0m  181   [8]  00`00`D8`53`00`7E`50`42
  [1m[34mcan0[0m  181   [8]  00`00`D8`53`00`7E`50`42
  [1m[34mcan0[0m  181   [8]  00`00`D6`68`00`7E`56`1B
  [1m[34mcan0[0m  181   [8]  00`00`D6`68`00`7E`56`1B
  [1m[34mcan0[0m  181   [8]  00`00`D6`68`00`7E`56`1B
  [1m[34mcan0[0m  181   [8]  00`00`D7`88`00`7E`5C`17
  [1m[34mcan0[0m  181   [8]  00`00`D7`88`00`7E`5C`17
  [1m[34mcan0[0m  181   [8]  00`00`D7`F3`00`7E`55`79
  [1m[34mcan0[0m  181   [8]  00`00`D7`F3`00`7E`55`79
  [1m[34mcan0[0m  181   [8]  00`00`D6`8E`00`7E`4D`20
  [1m[34mcan0[0m  181   [8]  00`00`D6`8E`00`7E`4D`20
  [1m[34mcan0[0m  181   [8]  00`00`D6`8E`00`7E`4D`20
  [1m[34mcan0[0m  181   [8]  00`00`D7`78`00`7E`57`E3
  [1m[34mcan0[0m  181   [8]  00`00`D7`78`00`7E`57`E3
  [1m[34mcan0[0m  181   [8]  00`00`D7`4D`00`7E`A1`39
  [1m[34mcan0[0m  181   [8]  00`00`D7`4D`00`7E`A1`39
  [1m[34mcan0[0m  181   [8]  00`00`D7`C8`00`7E`F3`5F
  [1m[34mcan0[0m  181   [8]  00`00`D7`C8`00`7E`F3`5F
  [1m[34mcan0[0m  181   [8]  00`00`D6`F8`00`7F`14`8D
  [1m[34mcan0[0m  181   [8]  00`00`D6`F8`00`7F`14`8D
  [1m[34mcan0[0m  181   [8]  00`00`D6`F8`00`7F`14`8D
  [1m[34mcan0[0m  181   [8]  00`00`D7`A3`00`7E`E3`49
  [1m[34mcan0[0m  181   [8]  00`00`D7`A3`00`7E`E3`49
  [1m[34mcan0[0m  181   [8]  00`00`D7`CD`00`7E`D8`33
  [1m[34mcan0[0m  181   [8]  00`00`D7`CD`00`7E`D8`33
  [1m[34mcan0[0m  181   [8]  00`00`D7`B8`00`7F`32`9D
  [1m[34mcan0[0m  181   [8]  00`00`D7`B8`00`7F`32`9D
  [1m[34mcan0[0m  181   [8]  00`00`D7`7D`00`7F`0C`D9
  [1m[34mcan0[0m  181   [8]  00`00`D7`7D`00`7F`0C`D9
  [1m[34mcan0[0m  181   [8]  00`00`D7`7D`00`7F`0C`D9
  [1m[34mcan0[0m  181   [8]  00`00`D7`8D`00`7E`78`0E
  [1m[34mcan0[0m  181   [8]  00`00`D7`8D`00`7E`78`0E
  [1m[34mcan0[0m  181   [8]  00`00`D7`B8`00`7E`61`D0
  [1m[34mcan0[0m  181   [8]  00`00`D7`B8`00`7E`61`D0
  [1m[34mcan0[0m  181   [8]  00`00`D7`88`00`7F`36`17
  [1m[34mcan0[0m  181   [8]  00`00`D7`88`00`7F`36`17
  [1m[34mcan0[0m  181   [8]  00`00`D7`88`00`7F`36`17
  [1m[34mcan0[0m  181   [8]  00`00`D7`78`00`7F`7E`55
  [1m[34mcan0[0m  181   [8]  00`00`D7`78`00`7F`7E`55
  [1m[34mcan0[0m  181   [8]  00`00`D7`73`00`7F`45`29
  [1m[34mcan0[0m  181   [8]  00`00`D7`73`00`7F`45`29
  [1m[34mcan0[0m  181   [8]  00`00`D7`38`00`7F`59`2E
  [1m[34mcan0[0m  181   [8]  00`00`D7`38`00`7F`59`2E
  [1m[34mcan0[0m  181   [8]  00`00`D7`BD`00`7F`52`A5
  [1m[34mcan0[0m  181   [8]  00`00`D7`BD`00`7F`52`A5
  [1m[34mcan0[0m  181   [8]  00`00`D7`BD`00`7F`52`A5
  [1m[34mcan0[0m  181   [8]  00`00`D7`7D`00`7F`9E`B5
  [1m[34mcan0[0m  181   [8]  00`00`D7`7D`00`7F`9E`B5
  [1m[34mcan0[0m  181   [8]  00`00`D6`F8`00`7F`A4`94
  [1m[34mcan0[0m  181   [8]  00`00`D6`F8`00`7F`A4`94
  [1m[34mcan0[0m  181   [8]  00`00`D7`3D`00`7F`B5`D2
  [1m[34mcan0[0m  181   [8]  00`00`D7`3D`00`7F`B5`D2
  [1m[34mcan0[0m  181   [8]  00`00`D7`3D`00`7F`B5`D2
  [1m[34mcan0[0m  181   [8]  00`00`D7`8D`00`7F`B6`C5
  [1m[34mcan0[0m  181   [8]  00`00`D7`8D`00`7F`B6`C5
  [1m[34mcan0[0m  181   [8]  00`00`D7`D3`00`7F`BE`F3
  [1m[34mcan0[0m  181   [8]  00`00`D7`D3`00`7F`BE`F3
  [1m[34mcan0[0m  181   [8]  00`00`D7`A8`00`7F`B6`E5
  [1m[34mcan0[0m  181   [8]  00`00`D7`A8`00`7F`B6`E5
  [1m[34mcan0[0m  181   [8]  00`00`D7`A3`00`7F`B3`0B
  [1m[34mcan0[0m  181   [8]  00`00`D7`A3`00`7F`B3`0B
  [1m[34mcan0[0m  181   [8]  00`00`D7`A3`00`7F`B3`0B
  [1m[34mcan0[0m  181   [8]  00`00`D7`9D`00`7F`AB`7F
  [1m[34mcan0[0m  181   [8]  00`00`D7`9D`00`7F`AB`7F
  [1m[34mcan0[0m  181   [8]  00`00`D7`38`00`7F`A5`0E
  [1m[34mcan0[0m  181   [8]  00`00`D7`38`00`7F`A5`0E
  [1m[34mcan0[0m  181   [8]  00`00`D7`88`00`7F`AC`DC
  [1m[34mcan0[0m  181   [8]  00`00`D7`88`00`7F`AC`DC
  [1m[34mcan0[0m  181   [8]  00`00`D7`8D`00`7F`B1`9B
  [1m[34mcan0[0m  181   [8]  00`00`D7`8D`00`7F`B1`9B
  [1m[34mcan0[0m  181   [8]  00`00`D7`8D`00`7F`B1`9B
  [1m[34mcan0[0m  181   [8]  00`00`D7`4D`00`7F`B3`63
  [1m[34mcan0[0m  181   [8]  00`00`D7`4D`00`7F`B3`63
  [1m[34mcan0[0m  181   [8]  00`00`D7`93`00`7F`B3`53
  [1m[34mcan0[0m  181   [8]  00`00`D7`93`00`7F`B3`53
  [1m[34mcan0[0m  181   [8]  00`00`D7`9D`00`7F`B3`A3
  [1m[34mcan0[0m  181   [8]  00`00`D7`9D`00`7F`B3`A3
  [1m[34mcan0[0m  181   [8]  00`00`D7`9D`00`7F`B3`A3
  [1m[34mcan0[0m  181   [8]  00`00`D7`B3`00`7F`B3`88
  [1m[34mcan0[0m  181   [8]  00`00`D7`B3`00`7F`B3`88
  [1m[34mcan0[0m  181   [8]  00`00`D7`38`00`7F`B3`0B
  [1m[34mcan0[0m  181   [8]  00`00`D7`38`00`7F`B3`0B
  [1m[34mcan0[0m  181   [8]  00`00`D7`BD`00`7F`B3`4B
  [1m[34mcan0[0m  181   [8]  00`00`D7`BD`00`7F`B3`4B
  [1m[34mcan0[0m  181   [8]  00`00`D7`5D`00`7F`B3`78
  [1m[34mcan0[0m  181   [8]  00`00`D7`5D`00`7F`B3`78
  [1m[34mcan0[0m  181   [8]  00`00`D7`5D`00`7F`B3`78
  [1m[34mcan0[0m  181   [8]  00`00`D7`63`00`7F`B3`23
  [1m[34mcan0[0m  181   [8]  00`00`D7`63`00`7F`B3`23
  [1m[34mcan0[0m  181   [8]  00`00`D7`93`00`7F`B3`8D
  [1m[34mcan0[0m  181   [8]  00`00`D7`93`00`7F`B3`8D
  [1m[34mcan0[0m  181   [8]  00`00`D7`7D`00`7F`B3`8B
  [1m[34mcan0[0m  181   [8]  00`00`D7`7D`00`7F`B3`8B
  [1m[34mcan0[0m  181   [8]  00`00`D6`F3`00`7F`B3`CD
  [1m[34mcan0[0m  181   [8]  00`00`D6`F3`00`7F`B3`CD
  [1m[34mcan0[0m  181   [8]  00`00`D6`F3`00`7F`B3`CD
  [1m[34mcan0[0m  181   [8]  00`00`D7`A3`00`7F`B3`AD
  [1m[34mcan0[0m  181   [8]  00`00`D7`A3`00`7F`B3`AD
  [1m[34mcan0[0m  181   [8]  00`00`D7`73`00`7F`B3`65
  [1m[34mcan0[0m  181   [8]  00`00`D7`73`00`7F`B3`65
  [1m[34mcan0[0m  181   [8]  00`00`D7`48`00`7F`B3`4B
  [1m[34mcan0[0m  181   [8]  00`00`D7`48`00`7F`B3`4B
  [1m[34mcan0[0m  181   [8]  00`00`D7`48`00`7F`B3`4B
  [1m[34mcan0[0m  181   [8]  00`00`D7`A3`00`7F`B4`38
  [1m[34mcan0[0m  181   [8]  00`00`D7`A3`00`7F`B4`38
  [1m[34mcan0[0m  181   [8]  00`00`D7`63`00`7F`B4`0D
  [1m[34mcan0[0m  181   [8]  00`00`D7`63`00`7F`B4`0D
  [1m[34mcan0[0m  181   [8]  00`00`D7`C8`00`7F`B3`5B
  [1m[34mcan0[0m  181   [8]  00`00`D7`C8`00`7F`B3`5B
  [1m[34mcan0[0m  181   [8]  00`00`D7`23`00`7F`B3`D0
  [1m[34mcan0[0m  181   [8]  00`00`D7`23`00`7F`B3`D0
  [1m[34mcan0[0m  181   [8]  00`00`D7`23`00`7F`B3`D0
  [1m[34mcan0[0m  181   [8]  00`00`D7`98`00`7F`B3`B0
  [1m[34mcan0[0m  181   [8]  00`00`D7`98`00`7F`B3`B0
  [1m[34mcan0[0m  181   [8]  00`00`D7`78`00`7F`B3`63
  [1m[34mcan0[0m  181   [8]  00`00`D7`78`00`7F`B3`63
  [1m[34mcan0[0m  181   [8]  00`00`D7`78`00`7F`B3`B8
  [1m[34mcan0[0m  181   [8]  00`00`D7`78`00`7F`B3`B8
  [1m[34mcan0[0m  181   [8]  00`00`D7`A8`00`7F`B3`A5
  [1m[34mcan0[0m  181   [8]  00`00`D7`A8`00`7F`B3`A5
  [1m[34mcan0[0m  181   [8]  00`00`D7`A8`00`7F`B3`A5
  [1m[34mcan0[0m  181   [8]  00`00`D7`93`00`7F`B3`7B
  [1m[34mcan0[0m  181   [8]  00`00`D7`93`00`7F`B3`7B
  [1m[34mcan0[0m  181   [8]  00`00`D7`38`00`7F`B3`8D
  [1m[34mcan0[0m  181   [8]  00`00`D7`38`00`7F`B3`8D
  [1m[34mcan0[0m  181   [8]  00`00`D7`B8`00`7F`B3`F8
  [1m[34mcan0[0m  181   [8]  00`00`D7`B8`00`7F`B3`F8
  [1m[34mcan0[0m  181   [8]  00`00`D7`B8`00`7F`B3`F8
  [1m[34mcan0[0m  181   [8]  00`00`D7`63`00`7F`B3`6B
  [1m[34mcan0[0m  181   [8]  00`00`D7`63`00`7F`B3`6B
  [1m[34mcan0[0m  181   [8]  00`00`D7`FD`00`7F`B3`88
  [1m[34mcan0[0m  181   [8]  00`00`D7`FD`00`7F`B3`88
  [1m[34mcan0[0m  181   [8]  00`00`D8`53`00`7F`B3`E0
  [1m[34mcan0[0m  181   [8]  00`00`D8`53`00`7F`B3`E0
  [1m[34mcan0[0m  181   [8]  00`00`D7`8D`00`7F`B3`48
  [1m[34mcan0[0m  181   [8]  00`00`D7`8D`00`7F`B3`48
  [1m[34mcan0[0m  181   [8]  00`00`D7`8D`00`7F`B3`48
  [1m[34mcan0[0m  181   [8]  00`00`D7`9D`00`7F`B3`03
  [1m[34mcan0[0m  181   [8]  00`00`D7`9D`00`7F`B3`03
  [1m[34mcan0[0m  181   [8]  00`00`D7`A8`00`7F`B2`FB
  [1m[34mcan0[0m  181   [8]  00`00`D7`A8`00`7F`B2`FB
  [1m[34mcan0[0m  181   [8]  00`00`D7`7D`00`7F`B3`E3
  [1m[34mcan0[0m  181   [8]  00`00`D7`7D`00`7F`B3`E3
  [1m[34mcan0[0m  181   [8]  00`00`D7`CD`00`7F`B3`83
  [1m[34mcan0[0m  181   [8]  00`00`D7`CD`00`7F`B3`83
  [1m[34mcan0[0m  181   [8]  00`00`D7`CD`00`7F`B3`83
  [1m[34mcan0[0m  181   [8]  00`00`D7`A3`00`7F`B3`88
  [1m[34mcan0[0m  181   [8]  00`00`D7`A3`00`7F`B3`88
  [1m[34mcan0[0m  181   [8]  00`00`D7`D3`00`7F`B3`46
  [1m[34mcan0[0m  181   [8]  00`00`D7`D3`00`7F`B3`46
  [1m[34mcan0[0m  181   [8]  00`00`D7`73`00`7F`B4`13
  [1m[34mcan0[0m  181   [8]  00`00`D7`73`00`7F`B4`13
  [1m[34mcan0[0m  181   [8]  00`00`D7`73`00`7F`B4`13
  [1m[34mcan0[0m  181   [8]  00`00`D7`48`00`7F`B4`60
  [1m[34mcan0[0m  181   [8]  00`00`D7`48`00`7F`B4`60
  [1m[34mcan0[0m  181   [8]  00`00`D7`5D`00`7F`B4`03
  [1m[34mcan0[0m  181   [8]  00`00`D7`5D`00`7F`B4`03
  [1m[34mcan0[0m  181   [8]  00`00`D7`63`00`7F`B4`13
  [1m[34mcan0[0m  181   [8]  00`00`D7`63`00`7F`B4`13
  [1m[34mcan0[0m  181   [8]  00`00`D7`73`00`7F`B4`23
  [1m[34mcan0[0m  181   [8]  00`00`D7`73`00`7F`B4`23
  [1m[34mcan0[0m  181   [8]  00`00`D7`73`00`7F`B4`23
  [1m[34mcan0[0m  181   [8]  00`00`D7`53`00`7F`B3`56
  [1m[34mcan0[0m  181   [8]  00`00`D7`53`00`7F`B3`56
  [1m[34mcan0[0m  181   [8]  00`00`D7`1E`00`7F`B3`7B
  [1m[34mcan0[0m  181   [8]  00`00`D7`1E`00`7F`B3`7B
  [1m[34mcan0[0m  181   [8]  00`00`D7`78`00`7F`B4`63
  [1m[34mcan0[0m  181   [8]  00`00`D7`78`00`7F`B4`63
  [1m[34mcan0[0m  181   [8]  00`00`D7`1E`00`7F`B3`D0
  [1m[34mcan0[0m  181   [8]  00`00`D7`1E`00`7F`B3`D0
  [1m[34mcan0[0m  181   [8]  00`00`D7`1E`00`7F`B3`D0
  [1m[34mcan0[0m  181   [8]  00`00`D7`73`00`7F`B3`CB
  [1m[34mcan0[0m  181   [8]  00`00`D7`73`00`7F`B3`CB
  [1m[34mcan0[0m  181   [8]  00`00`D7`F8`00`7F`B3`E8
  [1m[34mcan0[0m  181   [8]  00`00`D7`F8`00`7F`B3`E8
  [1m[34mcan0[0m  181   [8]  00`00`D7`78`00`7F`B3`AD
  [1m[34mcan0[0m  181   [8]  00`00`D7`78`00`7F`B3`AD
  [1m[34mcan0[0m  181   [8]  00`00`D7`78`00`7F`B3`AD
  [1m[34mcan0[0m  181   [8]  00`00`D7`7D`00`7F`B4`55
  [1m[34mcan0[0m  181   [8]  00`00`D7`7D`00`7F`B4`55
  [1m[34mcan0[0m  181   [8]  00`00`D7`E8`00`7F`B3`CB
  [1m[34mcan0[0m  181   [8]  00`00`D7`E8`00`7F`B3`CB
  [1m[34mcan0[0m  181   [8]  00`00`D7`ED`00`7F`B4`63
  [1m[34mcan0[0m  181   [8]  00`00`D7`ED`00`7F`B4`63
  [1m[34mcan0[0m  181   [8]  00`00`D7`CD`00`7F`B3`48
  [1m[34mcan0[0m  181   [8]  00`00`D7`CD`00`7F`B3`48
  [1m[34mcan0[0m  181   [8]  00`00`D7`CD`00`7F`B3`48
  [1m[34mcan0[0m  181   [8]  00`00`D7`88`00`7F`B4`0D
  [1m[34mcan0[0m  181   [8]  00`00`D7`88`00`7F`B4`0D
  [1m[34mcan0[0m  181   [8]  00`00`D7`78`00`7F`B3`FD
  [1m[34mcan0[0m  181   [8]  00`00`D7`78`00`7F`B3`FD
  [1m[34mcan0[0m  181   [8]  00`00`D7`93`00`7F`B3`85
  [1m[34mcan0[0m  181   [8]  00`00`D7`93`00`7F`B3`85
  [1m[34mcan0[0m  181   [8]  00`00`D7`9D`00`7F`B3`5E
  [1m[34mcan0[0m  181   [8]  00`00`D7`9D`00`7F`B3`5E
  [1m[34mcan0[0m  181   [8]  00`00`D7`9D`00`7F`B3`5E
  [1m[34mcan0[0m  181   [8]  00`00`D7`38`00`7F`B3`B5
  [1m[34mcan0[0m  181   [8]  00`00`D7`38`00`7F`B3`B5
  [1m[34mcan0[0m  181   [8]  00`00`D7`93`00`7F`B3`C3
  [1m[34mcan0[0m  181   [8]  00`00`D7`93`00`7F`B3`C3
  [1m[34mcan0[0m  181   [8]  00`00`D7`5D`00`7F`B4`78
  [1m[34mcan0[0m  181   [8]  00`00`D7`5D`00`7F`B4`78
  [1m[34mcan0[0m  181   [8]  00`00`D7`5D`00`7F`B4`78
  [1m[34mcan0[0m  181   [8]  00`00`D7`08`00`7F`B4`23
  [1m[34mcan0[0m  181   [8]  00`00`D7`08`00`7F`B4`23
  [1m[34mcan0[0m  181   [8]  00`00`D7`4D`00`7F`B3`AD
  [1m[34mcan0[0m  181   [8]  00`00`D7`4D`00`7F`B3`AD
  [1m[34mcan0[0m  181   [8]  00`00`D7`7D`00`7F`B4`4D
  [1m[34mcan0[0m  181   [8]  00`00`D7`7D`00`7F`B4`4D
