

Microchip Technology PIC LITE Macro Assembler V1.32 build 58300 
                                                                                               Thu Dec 18 17:23:48 2014

Microchip Technology Omniscient Code Generator (Lite mode) build 58300
     1                           	processor	12F1572
     2                           	opt	pw 120
     3                           	opt	lm
     4                           	psect	maintext,global,class=CODE,merge=1,split=1,delta=2
     5                           	psect	cinit,global,class=CODE,merge=1,delta=2
     6                           	psect	cstackCOMMON,global,class=COMMON,space=1,delta=1
     7                           	psect	cstackBANK0,global,class=BANK0,space=1,delta=1
     8                           	dabs	1,0x7E,2
     9  0000                     	;# 
    10  0001                     	;# 
    11  0002                     	;# 
    12  0003                     	;# 
    13  0004                     	;# 
    14  0005                     	;# 
    15  0006                     	;# 
    16  0007                     	;# 
    17  0008                     	;# 
    18  0009                     	;# 
    19  000A                     	;# 
    20  000B                     	;# 
    21  000C                     	;# 
    22  0011                     	;# 
    23  0012                     	;# 
    24  0013                     	;# 
    25  0015                     	;# 
    26  0016                     	;# 
    27  0016                     	;# 
    28  0017                     	;# 
    29  0018                     	;# 
    30  0019                     	;# 
    31  001A                     	;# 
    32  001B                     	;# 
    33  001C                     	;# 
    34  008C                     	;# 
    35  0091                     	;# 
    36  0092                     	;# 
    37  0093                     	;# 
    38  0095                     	;# 
    39  0096                     	;# 
    40  0097                     	;# 
    41  0098                     	;# 
    42  0099                     	;# 
    43  009A                     	;# 
    44  009B                     	;# 
    45  009B                     	;# 
    46  009C                     	;# 
    47  009D                     	;# 
    48  009E                     	;# 
    49  009F                     	;# 
    50  010C                     	;# 
    51  0111                     	;# 
    52  0112                     	;# 
    53  0115                     	;# 
    54  0116                     	;# 
    55  0117                     	;# 
    56  0118                     	;# 
    57  0119                     	;# 
    58  011D                     	;# 
    59  011D                     	;# 
    60  018C                     	;# 
    61  0191                     	;# 
    62  0191                     	;# 
    63  0192                     	;# 
    64  0193                     	;# 
    65  0193                     	;# 
    66  0194                     	;# 
    67  0195                     	;# 
    68  0196                     	;# 
    69  0197                     	;# 
    70  0199                     	;# 
    71  019A                     	;# 
    72  019B                     	;# 
    73  019B                     	;# 
    74  019C                     	;# 
    75  019D                     	;# 
    76  019E                     	;# 
    77  019F                     	;# 
    78  020C                     	;# 
    79  028C                     	;# 
    80  030C                     	;# 
    81  038C                     	;# 
    82  0391                     	;# 
    83  0392                     	;# 
    84  0393                     	;# 
    85  0691                     	;# 
    86  0692                     	;# 
    87  0693                     	;# 
    88  0694                     	;# 
    89  0695                     	;# 
    90  0D8E                     	;# 
    91  0D8F                     	;# 
    92  0D90                     	;# 
    93  0D91                     	;# 
    94  0D91                     	;# 
    95  0D92                     	;# 
    96  0D93                     	;# 
    97  0D93                     	;# 
    98  0D94                     	;# 
    99  0D95                     	;# 
   100  0D95                     	;# 
   101  0D96                     	;# 
   102  0D97                     	;# 
   103  0D97                     	;# 
   104  0D98                     	;# 
   105  0D99                     	;# 
   106  0D99                     	;# 
   107  0D9A                     	;# 
   108  0D9B                     	;# 
   109  0D9C                     	;# 
   110  0D9C                     	;# 
   111  0D9D                     	;# 
   112  0D9D                     	;# 
   113  0D9E                     	;# 
   114  0D9F                     	;# 
   115  0DA0                     	;# 
   116  0DA1                     	;# 
   117  0DA1                     	;# 
   118  0DA2                     	;# 
   119  0DA3                     	;# 
   120  0DA3                     	;# 
   121  0DA4                     	;# 
   122  0DA5                     	;# 
   123  0DA5                     	;# 
   124  0DA6                     	;# 
   125  0DA7                     	;# 
   126  0DA7                     	;# 
   127  0DA8                     	;# 
   128  0DA9                     	;# 
   129  0DA9                     	;# 
   130  0DAA                     	;# 
   131  0DAB                     	;# 
   132  0DAC                     	;# 
   133  0DAC                     	;# 
   134  0DAD                     	;# 
   135  0DAD                     	;# 
   136  0DAE                     	;# 
   137  0DAF                     	;# 
   138  0DB0                     	;# 
   139  0DB1                     	;# 
   140  0DB1                     	;# 
   141  0DB2                     	;# 
   142  0DB3                     	;# 
   143  0DB3                     	;# 
   144  0DB4                     	;# 
   145  0DB5                     	;# 
   146  0DB5                     	;# 
   147  0DB6                     	;# 
   148  0DB7                     	;# 
   149  0DB7                     	;# 
   150  0DB8                     	;# 
   151  0DB9                     	;# 
   152  0DB9                     	;# 
   153  0DBA                     	;# 
   154  0DBB                     	;# 
   155  0DBC                     	;# 
   156  0DBC                     	;# 
   157  0DBD                     	;# 
   158  0DBD                     	;# 
   159  0DBE                     	;# 
   160  0DBF                     	;# 
   161  0DC0                     	;# 
   162  0FE4                     	;# 
   163  0FE5                     	;# 
   164  0FE6                     	;# 
   165  0FE7                     	;# 
   166  0FE8                     	;# 
   167  0FE8                     	;# 
   168  0FE9                     	;# 
   169  0FEA                     	;# 
   170  0FEA                     	;# 
   171  0FEB                     	;# 
   172  0FED                     	;# 
   173  0FEE                     	;# 
   174  0FEE                     	;# 
   175  0FEF                     	;# 
   176  0064                     _RA4	set	100
   177  0065                     _RA5	set	101
   178  0462                     _TRISA2	set	1122
   179  0464                     _TRISA4	set	1124
   180  0465                     _TRISA5	set	1125
   181  04AF                     _nWPUEN	set	1199
   182  0862                     _LATA2	set	2146
   183  018C                     _ANSELA	set	396
   184  1064                     _WPUA4	set	4196
   185  1065                     _WPUA5	set	4197
   186                           
   187                           	psect	maintext
   188  071A                     __pmaintext:	
   189                           ; #config settings
   190                           
   191                           
   192                           ;psect for function _main
   193  0000                     
   194 ;;
   195 ;;Main: autosize = 0, tempsize = 2, incstack = 0, save=0
   196 ;;
   197 ;; *************** function _main *****************
   198 ;; Defined at:
   199 ;;		line 31 in file "main.c"
   200 ;; Parameters:    Size  Location     Type
   201 ;;  argc            2    0[COMMON] int 
   202 ;;  argv            2    2[COMMON] PTR PTR unsigned char 
   203 ;; Auto vars:     Size  Location     Type
   204 ;;  last_trans_1    4    8[BANK0 ] unsigned long 
   205 ;;  last_trans_0    4    4[BANK0 ] unsigned long 
   206 ;;  disabled_ctr    4    0[BANK0 ] unsigned long 
   207 ;;  state           2   18[BANK0 ] unsigned int 
   208 ;;  prev_state      2   16[BANK0 ] unsigned int 
   209 ;;  prev_input_1    2   14[BANK0 ] unsigned int 
   210 ;;  prev_input_0    2   12[BANK0 ] unsigned int 
   211 ;; Return value:  Size  Location     Type
   212 ;;                  2    0[COMMON] int 
   213 ;; Registers used:
   214 ;;		wreg, status,2, status,0
   215 ;; Tracked objects:
   216 ;;		On entry : 17F/0
   217 ;;		On exit  : 0/0
   218 ;;		Unchanged: 0/0
   219 ;; Data sizes:     COMMON   BANK0   BANK1   BANK2
   220 ;;      Params:         4       0       0       0
   221 ;;      Locals:         0      20       0       0
   222 ;;      Temps:          2       0       0       0
   223 ;;      Totals:         6      20       0       0
   224 ;;Total ram usage:       26 bytes
   225 ;; This function calls:
   226 ;;		Nothing
   227 ;; This function is called by:
   228 ;;		Startup code after reset
   229 ;; This function uses a non-reentrant model
   230 ;;
   231  071A                     _main:	
   232                           
   233                           ;main.c: 32: unsigned long last_trans_0, last_trans_1;
   234                           ;main.c: 33: unsigned prev_input_0, prev_input_1;
   235                           ;main.c: 34: unsigned long disabled_ctr;
   236                           ;main.c: 35: unsigned state,prev_state;
   237                           ;main.c: 36: TRISA2 = 0;
   238                           
   239                           ;incstack = 0
   240                           ; Regs used in _main: [wreg+status,2+status,0]
   241  071A  0021               	movlb	1	; select bank1
   242  071B  110C               	bcf	12,2	;volatile
   243                           
   244                           ;main.c: 37: TRISA4 = 1;
   245  071C  160C               	bsf	12,4	;volatile
   246                           
   247                           ;main.c: 38: TRISA5 = 1;
   248  071D  168C               	bsf	12,5	;volatile
   249                           
   250                           ;main.c: 39: ANSELA = 0;
   251  071E  0023               	movlb	3	; select bank3
   252  071F  018C               	clrf	12	;volatile
   253                           
   254                           ;main.c: 41: nWPUEN = 0;
   255  0720  0021               	movlb	1	; select bank1
   256  0721  1395               	bcf	21,7	;volatile
   257                           
   258                           ;main.c: 42: WPUA4 = 1;
   259  0722  0024               	movlb	4	; select bank4
   260  0723  160C               	bsf	12,4	;volatile
   261                           
   262                           ;main.c: 43: WPUA5 = 1;
   263  0724  168C               	bsf	12,5	;volatile
   264                           
   265                           ;main.c: 45: LATA2 = 0;
   266  0725  0022               	movlb	2	; select bank2
   267  0726  110C               	bcf	12,2	;volatile
   268                           
   269                           ;main.c: 62: _delay((unsigned long)((200)*(500000/4000.0)));
   270  0727  3021               	movlw	33
   271  0728  00F5               	movwf	??_main+1
   272  0729  3076               	movlw	118
   273  072A  00F4               	movwf	??_main
   274  072B                     u77:	
   275  072B  0BF4               	decfsz	??_main,f
   276  072C  2F2B               	goto	u77
   277  072D  0BF5               	decfsz	??_main+1,f
   278  072E  2F2B               	goto	u77
   279  072F  0000               	nop
   280                           
   281                           ;main.c: 63: _delay((unsigned long)((200)*(500000/4000.0)));
   282  0730  3021               	movlw	33
   283  0731  00F5               	movwf	??_main+1
   284  0732  3076               	movlw	118
   285  0733  00F4               	movwf	??_main
   286  0734                     u87:	
   287  0734  0BF4               	decfsz	??_main,f
   288  0735  2F34               	goto	u87
   289  0736  0BF5               	decfsz	??_main+1,f
   290  0737  2F34               	goto	u87
   291  0738  0000               	nop
   292                           
   293                           ;main.c: 64: _delay((unsigned long)((100)*(500000/4000.0)));
   294  0739  3011               	movlw	17
   295  073A  00F5               	movwf	??_main+1
   296  073B  303A               	movlw	58
   297  073C  00F4               	movwf	??_main
   298  073D                     u97:	
   299  073D  0BF4               	decfsz	??_main,f
   300  073E  2F3D               	goto	u97
   301  073F  0BF5               	decfsz	??_main+1,f
   302  0740  2F3D               	goto	u97
   303  0741  0000               	nop
   304                           
   305                           ;main.c: 67: last_trans_0 = 0;
   306  0742  3000               	movlw	0
   307  0743  0020               	movlb	0	; select bank0
   308  0744  00A7               	movwf	main@last_trans_0+3
   309  0745  3000               	movlw	0
   310  0746  00A6               	movwf	main@last_trans_0+2
   311  0747  3000               	movlw	0
   312  0748  00A5               	movwf	main@last_trans_0+1
   313  0749  3000               	movlw	0
   314  074A  00A4               	movwf	main@last_trans_0
   315                           
   316                           ;main.c: 68: last_trans_1 = 0;
   317  074B  3000               	movlw	0
   318  074C  00AB               	movwf	main@last_trans_1+3
   319  074D  3000               	movlw	0
   320  074E  00AA               	movwf	main@last_trans_1+2
   321  074F  3000               	movlw	0
   322  0750  00A9               	movwf	main@last_trans_1+1
   323  0751  3000               	movlw	0
   324  0752  00A8               	movwf	main@last_trans_1
   325                           
   326                           ;main.c: 70: prev_input_0 = RA5;
   327  0753  1003               	clrc
   328  0754  1A8C               	btfsc	12,5	;volatile
   329  0755  1403               	setc
   330  0756  3000               	movlw	0
   331  0757  3D09               	addwfc	9,w
   332  0758  00F4               	movwf	??_main
   333  0759  01F5               	clrf	??_main+1
   334  075A  0874               	movf	??_main,w
   335  075B  00AC               	movwf	main@prev_input_0
   336  075C  0875               	movf	??_main+1,w
   337  075D  00AD               	movwf	main@prev_input_0+1
   338                           
   339                           ;main.c: 71: prev_input_1 = RA4;
   340  075E  1003               	clrc
   341  075F  1A0C               	btfsc	12,4	;volatile
   342  0760  1403               	setc
   343  0761  3000               	movlw	0
   344  0762  3D09               	addwfc	9,w
   345  0763  00F4               	movwf	??_main
   346  0764  01F5               	clrf	??_main+1
   347  0765  0874               	movf	??_main,w
   348  0766  00AE               	movwf	main@prev_input_1
   349  0767  0875               	movf	??_main+1,w
   350  0768  00AF               	movwf	main@prev_input_1+1
   351                           
   352                           ;main.c: 73: disabled_ctr = 0;
   353  0769  3000               	movlw	0
   354  076A  00A3               	movwf	main@disabled_ctr+3
   355  076B  3000               	movlw	0
   356  076C  00A2               	movwf	main@disabled_ctr+2
   357  076D  3000               	movlw	0
   358  076E  00A1               	movwf	main@disabled_ctr+1
   359  076F  3000               	movlw	0
   360  0770  00A0               	movwf	main@disabled_ctr
   361                           
   362                           ;main.c: 75: state = prev_state = 0;
   363  0771  01B0               	clrf	main@prev_state
   364  0772  01B1               	clrf	main@prev_state+1
   365  0773  01B2               	clrf	main@state
   366  0774  01B3               	clrf	main@state+1
   367  0775                     l25:	
   368                           ;main.c: 76: while (1) {
   369                           
   370  0775  0064               	clrwdt	;# 
   371                           
   372                           ;main.c: 78: _delay((unsigned long)((1)*(500000/4000.0)));
   373  0776  3029               	movlw	41
   374  0777  00F4               	movwf	??_main
   375  0778                     u107:	
   376  0778  0BF4               	decfsz	??_main,f
   377  0779  2F78               	goto	u107
   378  077A  0000               	nop
   379                           
   380                           ;main.c: 81: if (prev_input_0 == RA5) {
   381  077B  1003               	clrc
   382  077C  0020               	movlb	0	; select bank0
   383  077D  1A8C               	btfsc	12,5	;volatile
   384  077E  1403               	setc
   385  077F  3000               	movlw	0
   386  0780  3D09               	addwfc	9,w
   387  0781  00F4               	movwf	??_main
   388  0782  01F5               	clrf	??_main+1
   389  0783  082D               	movf	main@prev_input_0+1,w
   390  0784  0675               	xorwf	??_main+1,w
   391  0785  1D03               	skipz
   392  0786  2F89               	goto	u45
   393  0787  082C               	movf	main@prev_input_0,w
   394  0788  0674               	xorwf	??_main,w
   395  0789                     u45:	
   396  0789  1D03               	skipz
   397  078A  2F94               	goto	l492
   398                           
   399                           ;main.c: 82: ++last_trans_0;
   400  078B  3001               	movlw	1
   401  078C  07A4               	addwf	main@last_trans_0,f
   402  078D  3000               	movlw	0
   403  078E  3DA5               	addwfc	main@last_trans_0+1,f
   404  078F  3000               	movlw	0
   405  0790  3DA6               	addwfc	main@last_trans_0+2,f
   406  0791  3000               	movlw	0
   407  0792  3DA7               	addwfc	main@last_trans_0+3,f
   408                           
   409                           ;main.c: 83: } else {
   410  0793  2F9C               	goto	l494
   411  0794                     l492:	
   412                           
   413                           ;main.c: 84: last_trans_0 = 0;
   414  0794  3000               	movlw	0
   415  0795  00A7               	movwf	main@last_trans_0+3
   416  0796  3000               	movlw	0
   417  0797  00A6               	movwf	main@last_trans_0+2
   418  0798  3000               	movlw	0
   419  0799  00A5               	movwf	main@last_trans_0+1
   420  079A  3000               	movlw	0
   421  079B  00A4               	movwf	main@last_trans_0
   422  079C                     l494:	
   423                           
   424                           ;main.c: 85: }
   425                           ;main.c: 86: if (prev_input_1 == RA4) {
   426  079C  1003               	clrc
   427  079D  1A0C               	btfsc	12,4	;volatile
   428  079E  1403               	setc
   429  079F  3000               	movlw	0
   430  07A0  3D09               	addwfc	9,w
   431  07A1  00F4               	movwf	??_main
   432  07A2  01F5               	clrf	??_main+1
   433  07A3  082F               	movf	main@prev_input_1+1,w
   434  07A4  0675               	xorwf	??_main+1,w
   435  07A5  1D03               	skipz
   436  07A6  2FA9               	goto	u55
   437  07A7  082E               	movf	main@prev_input_1,w
   438  07A8  0674               	xorwf	??_main,w
   439  07A9                     u55:	
   440  07A9  1D03               	skipz
   441  07AA  2FB4               	goto	l498
   442                           
   443                           ;main.c: 87: ++last_trans_1;
   444  07AB  3001               	movlw	1
   445  07AC  07A8               	addwf	main@last_trans_1,f
   446  07AD  3000               	movlw	0
   447  07AE  3DA9               	addwfc	main@last_trans_1+1,f
   448  07AF  3000               	movlw	0
   449  07B0  3DAA               	addwfc	main@last_trans_1+2,f
   450  07B1  3000               	movlw	0
   451  07B2  3DAB               	addwfc	main@last_trans_1+3,f
   452                           
   453                           ;main.c: 88: } else {
   454  07B3  2FBC               	goto	l500
   455  07B4                     l498:	
   456                           
   457                           ;main.c: 89: last_trans_1 = 0;
   458  07B4  3000               	movlw	0
   459  07B5  00AB               	movwf	main@last_trans_1+3
   460  07B6  3000               	movlw	0
   461  07B7  00AA               	movwf	main@last_trans_1+2
   462  07B8  3000               	movlw	0
   463  07B9  00A9               	movwf	main@last_trans_1+1
   464  07BA  3000               	movlw	0
   465  07BB  00A8               	movwf	main@last_trans_1
   466  07BC                     l500:	
   467                           
   468                           ;main.c: 90: }
   469                           ;main.c: 91: prev_input_0 = RA5;
   470  07BC  1003               	clrc
   471  07BD  1A8C               	btfsc	12,5	;volatile
   472  07BE  1403               	setc
   473  07BF  3000               	movlw	0
   474  07C0  3D09               	addwfc	9,w
   475  07C1  00F4               	movwf	??_main
   476  07C2  01F5               	clrf	??_main+1
   477  07C3  0874               	movf	??_main,w
   478  07C4  00AC               	movwf	main@prev_input_0
   479  07C5  0875               	movf	??_main+1,w
   480  07C6  00AD               	movwf	main@prev_input_0+1
   481                           
   482                           ;main.c: 92: prev_input_1 = RA4;
   483  07C7  1003               	clrc
   484  07C8  1A0C               	btfsc	12,4	;volatile
   485  07C9  1403               	setc
   486  07CA  3000               	movlw	0
   487  07CB  3D09               	addwfc	9,w
   488  07CC  00F4               	movwf	??_main
   489  07CD  01F5               	clrf	??_main+1
   490  07CE  0874               	movf	??_main,w
   491  07CF  00AE               	movwf	main@prev_input_1
   492  07D0  0875               	movf	??_main+1,w
   493  07D1  00AF               	movwf	main@prev_input_1+1
   494                           
   495                           ;main.c: 94: LATA2 = 1;
   496  07D2  0022               	movlb	2	; select bank2
   497  07D3  150C               	bsf	12,2	;volatile
   498                           
   499                           ;main.c: 117: if(state!=prev_state){
   500  07D4  0020               	movlb	0	; select bank0
   501  07D5  0831               	movf	main@prev_state+1,w
   502  07D6  0633               	xorwf	main@state+1,w
   503  07D7  1D03               	skipz
   504  07D8  2FDB               	goto	u65
   505  07D9  0830               	movf	main@prev_state,w
   506  07DA  0632               	xorwf	main@state,w
   507  07DB                     u65:	
   508  07DB  1903               	skipnz
   509  07DC  2FF5               	goto	l508
   510                           
   511                           ;main.c: 118: last_trans_0 = last_trans_1 = 0;
   512  07DD  3000               	movlw	0
   513  07DE  00AB               	movwf	main@last_trans_1+3
   514  07DF  3000               	movlw	0
   515  07E0  00AA               	movwf	main@last_trans_1+2
   516  07E1  3000               	movlw	0
   517  07E2  00A9               	movwf	main@last_trans_1+1
   518  07E3  3000               	movlw	0
   519  07E4  00A8               	movwf	main@last_trans_1
   520  07E5  082B               	movf	main@last_trans_1+3,w
   521  07E6  00A7               	movwf	main@last_trans_0+3
   522  07E7  082A               	movf	main@last_trans_1+2,w
   523  07E8  00A6               	movwf	main@last_trans_0+2
   524  07E9  0829               	movf	main@last_trans_1+1,w
   525  07EA  00A5               	movwf	main@last_trans_0+1
   526  07EB  0828               	movf	main@last_trans_1,w
   527  07EC  00A4               	movwf	main@last_trans_0
   528                           
   529                           ;main.c: 119: disabled_ctr = 0;
   530  07ED  3000               	movlw	0
   531  07EE  00A3               	movwf	main@disabled_ctr+3
   532  07EF  3000               	movlw	0
   533  07F0  00A2               	movwf	main@disabled_ctr+2
   534  07F1  3000               	movlw	0
   535  07F2  00A1               	movwf	main@disabled_ctr+1
   536  07F3  3000               	movlw	0
   537  07F4  00A0               	movwf	main@disabled_ctr
   538  07F5                     l508:	
   539                           
   540                           ;main.c: 120: }
   541                           ;main.c: 121: prev_state = state;
   542  07F5  0833               	movf	main@state+1,w
   543  07F6  01B1               	clrf	main@prev_state+1
   544  07F7  07B1               	addwf	main@prev_state+1,f
   545  07F8  0832               	movf	main@state,w
   546  07F9  01B0               	clrf	main@prev_state
   547  07FA  07B0               	addwf	main@prev_state,f
   548  07FB  2F75               	goto	l25
   549  07FC  0001               	reset	;# 
   550  07FD                     __end_of_main:	
   551  007E                     btemp	set	126	;btemp
   552  007E                     pic14e$flags	set	126
   553  007E                     wtemp	set	126
   554  007E                     wtemp0	set	126
   555  0080                     wtemp1	set	128
   556  0082                     wtemp2	set	130
   557  0084                     wtemp3	set	132
   558  0086                     wtemp4	set	134
   559  0088                     wtemp5	set	136
   560  007F                     wtemp6	set	127
   561  007E                     ttemp	set	126
   562  007E                     ttemp0	set	126
   563  0081                     ttemp1	set	129
   564  0084                     ttemp2	set	132
   565  0087                     ttemp3	set	135
   566  007F                     ttemp4	set	127
   567  007E                     ltemp	set	126
   568  007E                     ltemp0	set	126
   569  0082                     ltemp1	set	130
   570  0086                     ltemp2	set	134
   571  0080                     ltemp3	set	128
   572                           
   573                           	psect	cinit
   574  07FD                     start_initialization:	
   575  07FD                     __initialization:	
   576  07FD                     end_of_initialization:	
   577                           ;End of C runtime variable initialization code
   578                           
   579  07FD                     __end_of__initialization:	
   580  07FD  107E               	bcf	pic14e$flags,0	;clear compiler interrupt flag
   581  07FE  0020               	movlb	0
   582  07FF  2F1A               	ljmp	_main	;jump to C main() function
   583                           
   584                           	psect	cstackCOMMON
   585  0070                     __pcstackCOMMON:	
   586  0070                     ?_main:	
   587  0070                     main@argc:	
   588                           ; 2 bytes @ 0x0
   589                           
   590                           
   591                           ; 2 bytes @ 0x0
   592  0070                     	ds	2
   593  0072                     main@argv:	
   594                           
   595                           ; 2 bytes @ 0x2
   596  0072                     	ds	2
   597  0074                     ??_main:	
   598                           
   599                           ; 0 bytes @ 0x4
   600  0074                     	ds	2
   601                           
   602                           	psect	cstackBANK0
   603  0020                     __pcstackBANK0:	
   604  0020                     main@disabled_ctr:	
   605                           
   606                           ; 4 bytes @ 0x0
   607  0020                     	ds	4
   608  0024                     main@last_trans_0:	
   609                           
   610                           ; 4 bytes @ 0x4
   611  0024                     	ds	4
   612  0028                     main@last_trans_1:	
   613                           
   614                           ; 4 bytes @ 0x8
   615  0028                     	ds	4
   616  002C                     main@prev_input_0:	
   617                           
   618                           ; 2 bytes @ 0xC
   619  002C                     	ds	2
   620  002E                     main@prev_input_1:	
   621                           
   622                           ; 2 bytes @ 0xE
   623  002E                     	ds	2
   624  0030                     main@prev_state:	
   625                           
   626                           ; 2 bytes @ 0x10
   627  0030                     	ds	2
   628  0032                     main@state:	
   629                           
   630                           ; 2 bytes @ 0x12
   631  0032                     	ds	2


Data Sizes:
    Strings     0
    Constant    0
    Data        0
    BSS         0
    Persistent  0
    Stack       0

Auto Spaces:
    Space          Size  Autos    Used
    COMMON           14      6       6
    BANK0            80     20      20
    BANK1            80      0       0
    BANK2            80      0       0

Pointer List with Targets:

    None.

Critical Paths under _main in COMMON

    None.

Critical Paths under _main in BANK0

    None.

Critical Paths under _main in BANK1

    None.

Critical Paths under _main in BANK2

    None.

Call Graph Tables:

 ---------------------------------------------------------------------------------
 (Depth) Function   	        Calls       Base Space   Used Autos Params    Refs
 ---------------------------------------------------------------------------------
 (0) _main                                                26    22      4     127
                                              0 COMMON     6     2      4
                                              0 BANK0     20    20      0
 ---------------------------------------------------------------------------------
 Estimated maximum stack depth 0
 ---------------------------------------------------------------------------------

 Call Graph Graphs:

 _main (ROOT)

 Address spaces:
Name               Size   Autos  Total    Cost      Usage
BIGRAM              F0      0       0       0        0.0%
NULL                 0      0       0       0        0.0%
CODE                 0      0       0       0        0.0%
BITCOMMON            E      0       0       1        0.0%
BITSFR0              0      0       0       1        0.0%
SFR0                 0      0       0       1        0.0%
COMMON               E      6       6       2       42.9%
BITSFR1              0      0       0       2        0.0%
SFR1                 0      0       0       2        0.0%
BITSFR2              0      0       0       3        0.0%
SFR2                 0      0       0       3        0.0%
STACK                0      0       0       3        0.0%
BITSFR3              0      0       0       4        0.0%
SFR3                 0      0       0       4        0.0%
ABS                  0      0       0       4        0.0%
BITBANK0            50      0       0       5        0.0%
BITSFR4              0      0       0       5        0.0%
SFR4                 0      0       0       5        0.0%
BANK0               50     14      14       6       25.0%
BITSFR5              0      0       0       6        0.0%
SFR5                 0      0       0       6        0.0%
BITBANK1            50      0       0       7        0.0%
BITSFR6              0      0       0       7        0.0%
SFR6                 0      0       0       7        0.0%
BANK1               50      0       0       8        0.0%
BITSFR7              0      0       0       8        0.0%
SFR7                 0      0       0       8        0.0%
BITBANK2            50      0       0       9        0.0%
BITSFR8              0      0       0       9        0.0%
SFR8                 0      0       0       9        0.0%
BANK2               50      0       0      10        0.0%
BITSFR9              0      0       0      10        0.0%
SFR9                 0      0       0      10        0.0%
BITSFR10             0      0       0      11        0.0%
SFR10                0      0       0      11        0.0%
DATA                 0      0       0      11        0.0%
BITSFR11             0      0       0      12        0.0%
SFR11                0      0       0      12        0.0%
BITSFR12             0      0       0      13        0.0%
SFR12                0      0       0      13        0.0%
BITSFR13             0      0       0      14        0.0%
SFR13                0      0       0      14        0.0%
BITSFR14             0      0       0      15        0.0%
SFR14                0      0       0      15        0.0%
BITSFR15             0      0       0      16        0.0%
SFR15                0      0       0      16        0.0%
BITSFR16             0      0       0      17        0.0%
SFR16                0      0       0      17        0.0%
BITSFR17             0      0       0      18        0.0%
SFR17                0      0       0      18        0.0%
BITSFR18             0      0       0      19        0.0%
SFR18                0      0       0      19        0.0%
BITSFR19             0      0       0      20        0.0%
SFR19                0      0       0      20        0.0%
BITSFR20             0      0       0      21        0.0%
SFR20                0      0       0      21        0.0%
BITSFR21             0      0       0      22        0.0%
SFR21                0      0       0      22        0.0%
BITSFR22             0      0       0      23        0.0%
SFR22                0      0       0      23        0.0%
BITSFR23             0      0       0      24        0.0%
SFR23                0      0       0      24        0.0%
BITSFR24             0      0       0      25        0.0%
SFR24                0      0       0      25        0.0%
BITSFR25             0      0       0      26        0.0%
SFR25                0      0       0      26        0.0%
BITSFR26             0      0       0      27        0.0%
SFR26                0      0       0      27        0.0%
BITSFR27             0      0       0      28        0.0%
SFR27                0      0       0      28        0.0%
BITSFR28             0      0       0      29        0.0%
SFR28                0      0       0      29        0.0%
BITSFR29             0      0       0      30        0.0%
SFR29                0      0       0      30        0.0%
BITSFR30             0      0       0      31        0.0%
SFR30                0      0       0      31        0.0%
BITSFR31             0      0       0      32        0.0%
SFR31                0      0       0      32        0.0%


Microchip Technology PIC Macro Assembler V1.32 build 58300 
Symbol Table                                                                                   Thu Dec 18 17:23:48 2014

            __CFG_CP$OFF 0000                       l25 0775                       u45 0789  
                     u55 07A9                       u65 07DB                       u77 072B  
                     u87 0734                       u97 073D              __CFG_LVP$ON 0000  
                    l500 07BC                      l508 07F5                      l492 0794  
                    l494 079C                      l498 07B4                      _RA4 0064  
                    _RA5 0065                      u107 0778             __CFG_BORV$LO 0000  
                    wreg 0009             __CFG_WDTE$ON 0000             __CFG_WRT$OFF 0000  
                   _main 071A                     btemp 007E            __CFG_BOREN$ON 0000  
                   ltemp 007E                     start 0001                     ttemp 007E  
                   wtemp 007E            __CFG_MCLRE$ON 0000                    ?_main 0070  
                  _LATA2 0862                    _WPUA4 1064                    _WPUA5 1065  
                  ltemp0 007E                    ltemp1 0082                    ltemp2 0086  
                  ltemp3 0080                    ttemp0 007E                    ttemp1 0081  
                  ttemp2 0084                    ttemp3 0087                    ttemp4 007F  
                  wtemp0 007E                    wtemp1 0080                    wtemp2 0082  
                  wtemp3 0084                    wtemp4 0086                    wtemp5 0088  
                  wtemp6 007F          __initialization 07FD             __end_of_main 07FD  
                 ??_main 0074           __CFG_PLLEN$OFF 0000                   _ANSELA 018C  
                 _TRISA2 0462                   _TRISA4 0464                   _TRISA5 0465  
                 _nWPUEN 04AF           __CFG_STVREN$ON 0000  __end_of__initialization 07FD  
         __pcstackCOMMON 0070         main@disabled_ctr 0020               __pmaintext 071A  
   end_of_initialization 07FD           main@prev_state 0030         __CFG_FOSC$INTOSC 0000  
       main@last_trans_0 0024         main@last_trans_1 0028      start_initialization 07FD  
              ___latbits 0000            __pcstackBANK0 0020                main@state 0032  
       main@prev_input_0 002C         main@prev_input_1 002E            __size_of_main 00E3  
               main@argc 0070                 main@argv 0072              pic14e$flags 007E  
      __CFG_CLKOUTEN$OFF 0000  
